{"contracts/CNTStaker.sol":{"l":{"19":0,"20":0,"29":0,"37":0,"39":0,"41":0,"42":0,"46":0,"47":0,"50":0,"57":0,"59":0,"60":0,"61":0},"path":"/home/samarth/1 CRyption Network/polydex-contracts/contracts/CNTStaker.sol","s":{"1":0,"2":0,"3":0,"4":0,"5":0,"6":0,"7":0,"8":0,"9":0,"10":0,"11":0,"12":0,"13":0,"14":0},"b":{"1":[0,0]},"f":{"1":0,"2":0,"3":0,"4":0},"fnMap":{"1":{"name":"constructor","line":18,"loc":{"start":{"line":18,"column":4},"end":{"line":21,"column":4}}},"2":{"name":"_msgSender","line":23,"loc":{"start":{"line":23,"column":4},"end":{"line":30,"column":4}}},"3":{"name":"enter","line":35,"loc":{"start":{"line":35,"column":4},"end":{"line":51,"column":4}}},"4":{"name":"leave","line":55,"loc":{"start":{"line":55,"column":4},"end":{"line":62,"column":4}}}},"statementMap":{"1":{"start":{"line":19,"column":8},"end":{"line":19,"column":37}},"2":{"start":{"line":20,"column":8},"end":{"line":20,"column":17}},"3":{"start":{"line":29,"column":8},"end":{"line":29,"column":39}},"4":{"start":{"line":37,"column":8},"end":{"line":37,"column":55}},"5":{"start":{"line":39,"column":8},"end":{"line":39,"column":43}},"6":{"start":{"line":41,"column":8},"end":{"line":41,"column":1402}},"7":{"start":{"line":42,"column":12},"end":{"line":42,"column":39}},"8":{"start":{"line":46,"column":12},"end":{"line":46,"column":65}},"9":{"start":{"line":47,"column":12},"end":{"line":47,"column":36}},"10":{"start":{"line":50,"column":8},"end":{"line":50,"column":61}},"11":{"start":{"line":57,"column":8},"end":{"line":57,"column":43}},"12":{"start":{"line":59,"column":8},"end":{"line":59,"column":80}},"13":{"start":{"line":60,"column":8},"end":{"line":60,"column":34}},"14":{"start":{"line":61,"column":8},"end":{"line":61,"column":39}}},"branchMap":{"1":{"line":41,"type":"if","locations":[{"start":{"line":41,"column":8},"end":{"line":41,"column":8}},{"start":{"line":41,"column":8},"end":{"line":41,"column":8}}]}}},"contracts/Converter.sol":{"l":{"41":0,"42":0,"43":0,"44":0,"45":0,"46":0,"47":0,"48":0,"53":0,"54":0,"55":0,"56":0,"60":0,"61":0,"66":0,"67":0,"68":0,"69":0,"71":0,"73":0,"74":0,"77":0,"83":0,"84":0,"85":0,"86":0,"87":0,"88":0,"89":0,"92":0,"93":0,"94":0,"95":0,"98":0,"99":0,"100":0,"103":0,"104":0,"105":0,"107":0,"108":0,"109":0,"110":0,"111":0,"112":0,"114":0,"115":0,"116":0,"121":0,"123":0,"124":0,"125":0,"127":0,"128":0,"129":0,"130":0,"131":0,"133":0,"134":0,"135":0,"136":0,"137":0,"142":0},"path":"/home/samarth/1 CRyption Network/polydex-contracts/contracts/Converter.sol","s":{"1":0,"2":0,"3":0,"4":0,"5":0,"6":0,"7":0,"8":0,"9":0,"10":0,"11":0,"12":0,"13":0,"14":0,"15":0,"16":0,"17":0,"18":0,"19":0,"20":0,"21":0,"22":0,"23":0,"24":0,"25":0,"26":0,"27":0,"28":0,"29":0,"30":0,"31":0,"32":0,"33":0,"34":0,"35":0,"36":0,"37":0,"38":0,"39":0,"40":0,"41":0,"42":0,"43":0,"44":0,"45":0,"46":0,"47":0,"48":0,"49":0,"50":0,"51":0,"52":0,"53":0,"54":0,"55":0,"56":0,"57":0,"58":0,"59":0,"60":0,"61":0,"62":0,"63":0},"b":{"1":[0,0],"2":[0,0],"3":[0,0],"4":[0,0],"5":[0,0],"6":[0,0]},"f":{"1":0,"2":0,"3":0,"4":0,"5":0,"6":0,"7":0},"fnMap":{"1":{"name":"constructor","line":33,"loc":{"start":{"line":33,"column":4},"end":{"line":49,"column":4}}},"2":{"name":"setAllocation","line":52,"loc":{"start":{"line":52,"column":4},"end":{"line":57,"column":4}}},"3":{"name":"updateCoffeeTable","line":59,"loc":{"start":{"line":59,"column":4},"end":{"line":62,"column":4}}},"4":{"name":"convert","line":64,"loc":{"start":{"line":64,"column":4},"end":{"line":78,"column":4}}},"5":{"name":"_toWMATIC","line":81,"loc":{"start":{"line":81,"column":4},"end":{"line":117,"column":4}}},"6":{"name":"_toCNT","line":120,"loc":{"start":{"line":120,"column":4},"end":{"line":138,"column":4}}},"7":{"name":"_safeTransfer","line":141,"loc":{"start":{"line":141,"column":4},"end":{"line":143,"column":4}}}},"statementMap":{"1":{"start":{"line":41,"column":8},"end":{"line":41,"column":25}},"2":{"start":{"line":42,"column":8},"end":{"line":42,"column":17}},"3":{"start":{"line":43,"column":8},"end":{"line":43,"column":33}},"4":{"start":{"line":44,"column":8},"end":{"line":44,"column":23}},"5":{"start":{"line":45,"column":8},"end":{"line":45,"column":39}},"6":{"start":{"line":46,"column":8},"end":{"line":46,"column":45}},"7":{"start":{"line":47,"column":8},"end":{"line":47,"column":55}},"8":{"start":{"line":48,"column":8},"end":{"line":48,"column":35}},"9":{"start":{"line":53,"column":8},"end":{"line":53,"column":110}},"10":{"start":{"line":54,"column":8},"end":{"line":54,"column":39}},"11":{"start":{"line":55,"column":8},"end":{"line":55,"column":45}},"12":{"start":{"line":56,"column":8},"end":{"line":56,"column":55}},"13":{"start":{"line":60,"column":8},"end":{"line":60,"column":78}},"14":{"start":{"line":61,"column":8},"end":{"line":61,"column":36}},"15":{"start":{"line":66,"column":8},"end":{"line":66,"column":71}},"16":{"start":{"line":67,"column":8},"end":{"line":67,"column":73}},"17":{"start":{"line":68,"column":8},"end":{"line":68,"column":66}},"18":{"start":{"line":69,"column":8},"end":{"line":69,"column":31}},"19":{"start":{"line":71,"column":8},"end":{"line":71,"column":68}},"20":{"start":{"line":73,"column":8},"end":{"line":73,"column":27}},"21":{"start":{"line":74,"column":8},"end":{"line":74,"column":3126}},"22":{"start":{"line":77,"column":8},"end":{"line":77,"column":30}},"23":{"start":{"line":83,"column":8},"end":{"line":83,"column":3530}},"24":{"start":{"line":84,"column":12},"end":{"line":84,"column":64}},"25":{"start":{"line":85,"column":12},"end":{"line":85,"column":85}},"26":{"start":{"line":86,"column":12},"end":{"line":86,"column":57}},"27":{"start":{"line":87,"column":12},"end":{"line":87,"column":91}},"28":{"start":{"line":88,"column":12},"end":{"line":88,"column":38}},"29":{"start":{"line":89,"column":12},"end":{"line":89,"column":20}},"30":{"start":{"line":92,"column":8},"end":{"line":92,"column":4015}},"31":{"start":{"line":93,"column":12},"end":{"line":93,"column":64}},"32":{"start":{"line":94,"column":12},"end":{"line":94,"column":78}},"33":{"start":{"line":95,"column":12},"end":{"line":95,"column":25}},"34":{"start":{"line":98,"column":8},"end":{"line":98,"column":72}},"35":{"start":{"line":99,"column":8},"end":{"line":99,"column":4372}},"36":{"start":{"line":100,"column":12},"end":{"line":100,"column":20}},"37":{"start":{"line":103,"column":8},"end":{"line":103,"column":60}},"38":{"start":{"line":104,"column":8},"end":{"line":104,"column":38}},"39":{"start":{"line":105,"column":8},"end":{"line":105,"column":105}},"40":{"start":{"line":107,"column":8},"end":{"line":107,"column":62}},"41":{"start":{"line":108,"column":8},"end":{"line":108,"column":48}},"42":{"start":{"line":109,"column":8},"end":{"line":109,"column":56}},"43":{"start":{"line":110,"column":8},"end":{"line":110,"column":67}},"44":{"start":{"line":111,"column":8},"end":{"line":111,"column":48}},"45":{"start":{"line":112,"column":8},"end":{"line":112,"column":106}},"46":{"start":{"line":114,"column":8},"end":{"line":114,"column":52}},"47":{"start":{"line":115,"column":8},"end":{"line":115,"column":93}},"48":{"start":{"line":116,"column":8},"end":{"line":116,"column":24}},"49":{"start":{"line":121,"column":8},"end":{"line":121,"column":79}},"50":{"start":{"line":123,"column":8},"end":{"line":123,"column":60}},"51":{"start":{"line":124,"column":8},"end":{"line":124,"column":38}},"52":{"start":{"line":125,"column":8},"end":{"line":125,"column":106}},"53":{"start":{"line":127,"column":8},"end":{"line":127,"column":48}},"54":{"start":{"line":128,"column":8},"end":{"line":128,"column":56}},"55":{"start":{"line":129,"column":8},"end":{"line":129,"column":67}},"56":{"start":{"line":130,"column":8},"end":{"line":130,"column":48}},"57":{"start":{"line":131,"column":8},"end":{"line":131,"column":107}},"58":{"start":{"line":133,"column":8},"end":{"line":133,"column":69}},"59":{"start":{"line":134,"column":8},"end":{"line":134,"column":91}},"60":{"start":{"line":135,"column":8},"end":{"line":135,"column":56}},"61":{"start":{"line":136,"column":8},"end":{"line":136,"column":97}},"62":{"start":{"line":137,"column":8},"end":{"line":137,"column":37}},"63":{"start":{"line":142,"column":8},"end":{"line":142,"column":45}}},"branchMap":{"1":{"line":53,"type":"if","locations":[{"start":{"line":53,"column":8},"end":{"line":53,"column":8}},{"start":{"line":53,"column":8},"end":{"line":53,"column":8}}]},"2":{"line":60,"type":"if","locations":[{"start":{"line":60,"column":8},"end":{"line":60,"column":8}},{"start":{"line":60,"column":8},"end":{"line":60,"column":8}}]},"3":{"line":66,"type":"if","locations":[{"start":{"line":66,"column":8},"end":{"line":66,"column":8}},{"start":{"line":66,"column":8},"end":{"line":66,"column":8}}]},"4":{"line":83,"type":"if","locations":[{"start":{"line":83,"column":8},"end":{"line":83,"column":8}},{"start":{"line":83,"column":8},"end":{"line":83,"column":8}}]},"5":{"line":92,"type":"if","locations":[{"start":{"line":92,"column":8},"end":{"line":92,"column":8}},{"start":{"line":92,"column":8},"end":{"line":92,"column":8}}]},"6":{"line":99,"type":"if","locations":[{"start":{"line":99,"column":8},"end":{"line":99,"column":8}},{"start":{"line":99,"column":8},"end":{"line":99,"column":8}}]}}},"contracts/CryptionNetworkToken.sol":{"l":{"14":39,"15":39,"16":39,"17":39,"71":0,"89":0,"90":0,"94":0,"95":0,"96":0,"104":0,"112":0,"132":0,"137":0,"142":0,"143":0,"147":0,"151":0,"155":0,"164":0,"165":0,"181":0,"186":0,"187":0,"188":0,"192":0,"193":0,"197":0,"198":0,"201":0,"202":0,"203":0,"204":0,"205":0,"206":0,"207":0,"209":0,"211":0,"214":0,"218":0,"219":0,"220":0,"222":0,"224":0,"232":104,"233":0,"235":0,"236":0,"240":0,"241":0,"244":0,"246":0,"247":0,"251":0,"252":0,"263":0,"269":0,"273":0,"275":0,"279":0,"282":0,"290":0,"291":0,"300":65},"path":"/home/samarth/1 CRyption Network/polydex-contracts/contracts/CryptionNetworkToken.sol","s":{"1":39,"2":39,"3":39,"4":39,"5":0,"6":0,"7":0,"8":0,"9":0,"10":0,"11":0,"12":0,"13":0,"14":0,"15":0,"16":0,"17":0,"18":0,"19":0,"20":0,"21":0,"22":0,"23":0,"24":0,"25":0,"26":0,"27":0,"28":0,"29":0,"30":0,"31":0,"32":0,"33":0,"34":0,"35":0,"36":0,"37":0,"38":0,"39":0,"40":0,"41":0,"42":0,"43":0,"44":0,"45":0,"46":104,"47":0,"48":0,"49":0,"50":0,"51":0,"52":0,"53":0,"54":0,"55":0,"56":0,"57":0,"58":0,"59":0,"60":0,"61":0,"62":0,"63":0,"64":0,"65":65},"b":{"1":[0,0],"2":[0,0],"3":[0,0],"4":[0,0],"5":[0,0],"6":[0,0],"7":[0,0],"8":[0,0],"9":[0,0],"10":[0,0],"11":[0,0],"12":[0,0],"13":[0,104],"14":[0,0],"15":[0,0],"16":[0,0],"17":[0,0]},"f":{"1":39,"2":0,"3":0,"4":0,"5":0,"6":0,"7":0,"8":0,"9":104,"10":0,"11":0,"12":65},"fnMap":{"1":{"name":"constructor","line":13,"loc":{"start":{"line":13,"column":4},"end":{"line":18,"column":4}}},"2":{"name":"permit","line":61,"loc":{"start":{"line":61,"column":4},"end":{"line":97,"column":4}}},"3":{"name":"delegates","line":103,"loc":{"start":{"line":103,"column":4},"end":{"line":105,"column":4}}},"4":{"name":"delegate","line":111,"loc":{"start":{"line":111,"column":4},"end":{"line":113,"column":4}}},"5":{"name":"delegateBySig","line":124,"loc":{"start":{"line":124,"column":4},"end":{"line":156,"column":4}}},"6":{"name":"getCurrentVotes","line":163,"loc":{"start":{"line":163,"column":4},"end":{"line":167,"column":4}}},"7":{"name":"getPriorVotes","line":176,"loc":{"start":{"line":176,"column":4},"end":{"line":215,"column":4}}},"8":{"name":"_delegate","line":217,"loc":{"start":{"line":217,"column":4},"end":{"line":225,"column":4}}},"9":{"name":"_moveDelegates","line":227,"loc":{"start":{"line":227,"column":4},"end":{"line":255,"column":4}}},"10":{"name":"_writeCheckpoint","line":257,"loc":{"start":{"line":257,"column":4},"end":{"line":283,"column":4}}},"11":{"name":"safe32","line":285,"loc":{"start":{"line":285,"column":4},"end":{"line":292,"column":4}}},"12":{"name":"_beforeTokenTransfer","line":295,"loc":{"start":{"line":295,"column":4},"end":{"line":301,"column":4}}}},"statementMap":{"1":{"start":{"line":14,"column":8},"end":{"line":14,"column":37}},"2":{"start":{"line":15,"column":8},"end":{"line":15,"column":50}},"3":{"start":{"line":16,"column":8},"end":{"line":16,"column":33}},"4":{"start":{"line":17,"column":8},"end":{"line":17,"column":66}},"5":{"start":{"line":71,"column":8},"end":{"line":71,"column":2371}},"6":{"start":{"line":89,"column":8},"end":{"line":89,"column":75}},"7":{"start":{"line":90,"column":8},"end":{"line":90,"column":2974}},"8":{"start":{"line":94,"column":8},"end":{"line":94,"column":63}},"9":{"start":{"line":95,"column":8},"end":{"line":95,"column":47}},"10":{"start":{"line":96,"column":8},"end":{"line":96,"column":37}},"11":{"start":{"line":104,"column":8},"end":{"line":104,"column":36}},"12":{"start":{"line":112,"column":8},"end":{"line":112,"column":47}},"13":{"start":{"line":132,"column":8},"end":{"line":132,"column":4348}},"14":{"start":{"line":137,"column":8},"end":{"line":137,"column":4490}},"15":{"start":{"line":142,"column":8},"end":{"line":142,"column":54}},"16":{"start":{"line":143,"column":8},"end":{"line":143,"column":4684}},"17":{"start":{"line":147,"column":8},"end":{"line":147,"column":4801}},"18":{"start":{"line":151,"column":8},"end":{"line":151,"column":4919}},"19":{"start":{"line":155,"column":8},"end":{"line":155,"column":46}},"20":{"start":{"line":164,"column":8},"end":{"line":164,"column":53}},"21":{"start":{"line":165,"column":8},"end":{"line":165,"column":5487}},"22":{"start":{"line":181,"column":8},"end":{"line":181,"column":6062}},"23":{"start":{"line":186,"column":8},"end":{"line":186,"column":53}},"24":{"start":{"line":187,"column":8},"end":{"line":187,"column":6239}},"25":{"start":{"line":188,"column":12},"end":{"line":188,"column":20}},"26":{"start":{"line":192,"column":8},"end":{"line":192,"column":6348}},"27":{"start":{"line":193,"column":12},"end":{"line":193,"column":63}},"28":{"start":{"line":197,"column":8},"end":{"line":197,"column":6547}},"29":{"start":{"line":198,"column":12},"end":{"line":198,"column":20}},"30":{"start":{"line":201,"column":8},"end":{"line":201,"column":24}},"31":{"start":{"line":202,"column":8},"end":{"line":202,"column":39}},"32":{"start":{"line":203,"column":8},"end":{"line":203,"column":6710}},"33":{"start":{"line":204,"column":12},"end":{"line":204,"column":55}},"34":{"start":{"line":205,"column":12},"end":{"line":205,"column":63}},"35":{"start":{"line":206,"column":12},"end":{"line":206,"column":6899}},"36":{"start":{"line":207,"column":16},"end":{"line":207,"column":31}},"37":{"start":{"line":208,"column":19},"end":{"line":208,"column":6986}},"38":{"start":{"line":209,"column":16},"end":{"line":209,"column":29}},"39":{"start":{"line":211,"column":16},"end":{"line":211,"column":33}},"40":{"start":{"line":214,"column":8},"end":{"line":214,"column":48}},"41":{"start":{"line":218,"column":8},"end":{"line":218,"column":55}},"42":{"start":{"line":219,"column":8},"end":{"line":219,"column":55}},"43":{"start":{"line":220,"column":8},"end":{"line":220,"column":40}},"44":{"start":{"line":222,"column":8},"end":{"line":222,"column":67}},"45":{"start":{"line":224,"column":8},"end":{"line":224,"column":67}},"46":{"start":{"line":232,"column":8},"end":{"line":232,"column":7732}},"47":{"start":{"line":233,"column":12},"end":{"line":233,"column":7786}},"48":{"start":{"line":235,"column":16},"end":{"line":235,"column":57}},"49":{"start":{"line":236,"column":16},"end":{"line":236,"column":7951}},"50":{"start":{"line":240,"column":16},"end":{"line":240,"column":57}},"51":{"start":{"line":241,"column":16},"end":{"line":241,"column":72}},"52":{"start":{"line":244,"column":12},"end":{"line":244,"column":8247}},"53":{"start":{"line":246,"column":16},"end":{"line":246,"column":57}},"54":{"start":{"line":247,"column":16},"end":{"line":247,"column":8412}},"55":{"start":{"line":251,"column":16},"end":{"line":251,"column":57}},"56":{"start":{"line":252,"column":16},"end":{"line":252,"column":72}},"57":{"start":{"line":263,"column":8},"end":{"line":263,"column":8876}},"58":{"start":{"line":269,"column":8},"end":{"line":269,"column":9036}},"59":{"start":{"line":273,"column":12},"end":{"line":273,"column":68}},"60":{"start":{"line":275,"column":12},"end":{"line":275,"column":9267}},"61":{"start":{"line":279,"column":12},"end":{"line":279,"column":55}},"62":{"start":{"line":282,"column":8},"end":{"line":282,"column":64}},"63":{"start":{"line":290,"column":8},"end":{"line":290,"column":39}},"64":{"start":{"line":291,"column":8},"end":{"line":291,"column":24}},"65":{"start":{"line":300,"column":8},"end":{"line":300,"column":63}}},"branchMap":{"1":{"line":89,"type":"if","locations":[{"start":{"line":89,"column":8},"end":{"line":89,"column":8}},{"start":{"line":89,"column":8},"end":{"line":89,"column":8}}]},"2":{"line":90,"type":"if","locations":[{"start":{"line":90,"column":8},"end":{"line":90,"column":8}},{"start":{"line":90,"column":8},"end":{"line":90,"column":8}}]},"3":{"line":94,"type":"if","locations":[{"start":{"line":94,"column":8},"end":{"line":94,"column":8}},{"start":{"line":94,"column":8},"end":{"line":94,"column":8}}]},"4":{"line":143,"type":"if","locations":[{"start":{"line":143,"column":8},"end":{"line":143,"column":8}},{"start":{"line":143,"column":8},"end":{"line":143,"column":8}}]},"5":{"line":147,"type":"if","locations":[{"start":{"line":147,"column":8},"end":{"line":147,"column":8}},{"start":{"line":147,"column":8},"end":{"line":147,"column":8}}]},"6":{"line":151,"type":"if","locations":[{"start":{"line":151,"column":8},"end":{"line":151,"column":8}},{"start":{"line":151,"column":8},"end":{"line":151,"column":8}}]},"7":{"line":181,"type":"if","locations":[{"start":{"line":181,"column":8},"end":{"line":181,"column":8}},{"start":{"line":181,"column":8},"end":{"line":181,"column":8}}]},"8":{"line":187,"type":"if","locations":[{"start":{"line":187,"column":8},"end":{"line":187,"column":8}},{"start":{"line":187,"column":8},"end":{"line":187,"column":8}}]},"9":{"line":192,"type":"if","locations":[{"start":{"line":192,"column":8},"end":{"line":192,"column":8}},{"start":{"line":192,"column":8},"end":{"line":192,"column":8}}]},"10":{"line":197,"type":"if","locations":[{"start":{"line":197,"column":8},"end":{"line":197,"column":8}},{"start":{"line":197,"column":8},"end":{"line":197,"column":8}}]},"11":{"line":206,"type":"if","locations":[{"start":{"line":206,"column":12},"end":{"line":206,"column":12}},{"start":{"line":206,"column":12},"end":{"line":206,"column":12}}]},"12":{"line":208,"type":"if","locations":[{"start":{"line":208,"column":19},"end":{"line":208,"column":19}},{"start":{"line":208,"column":19},"end":{"line":208,"column":19}}]},"13":{"line":232,"type":"if","locations":[{"start":{"line":232,"column":8},"end":{"line":232,"column":8}},{"start":{"line":232,"column":8},"end":{"line":232,"column":8}}]},"14":{"line":233,"type":"if","locations":[{"start":{"line":233,"column":12},"end":{"line":233,"column":12}},{"start":{"line":233,"column":12},"end":{"line":233,"column":12}}]},"15":{"line":244,"type":"if","locations":[{"start":{"line":244,"column":12},"end":{"line":244,"column":12}},{"start":{"line":244,"column":12},"end":{"line":244,"column":12}}]},"16":{"line":269,"type":"if","locations":[{"start":{"line":269,"column":8},"end":{"line":269,"column":8}},{"start":{"line":269,"column":8},"end":{"line":269,"column":8}}]},"17":{"line":290,"type":"if","locations":[{"start":{"line":290,"column":8},"end":{"line":290,"column":8}},{"start":{"line":290,"column":8},"end":{"line":290,"column":8}}]}}},"contracts/Farm.sol":{"l":{"126":39,"127":39,"128":39,"129":39,"130":39,"131":39,"140":119,"144":0,"148":0,"152":0,"164":11,"168":11,"172":11,"173":11,"175":11,"177":11,"178":11,"189":11,"206":0,"210":0,"211":0,"213":0,"216":0,"217":0,"218":0,"220":0,"230":0,"231":0,"236":0,"237":0,"238":0,"239":0,"240":0,"241":0,"242":0,"243":0,"245":0,"254":28,"263":9,"264":9,"265":9,"266":9,"267":9,"268":5,"270":5,"274":5,"278":9,"280":9,"289":38,"290":38,"299":0,"300":0,"305":11,"306":11,"307":1,"313":39,"314":39,"315":5,"317":34,"318":34,"319":11,"320":11,"322":23,"323":23,"327":23,"330":23,"331":23,"341":28,"346":2,"350":30,"351":30,"353":30,"355":30,"356":30,"358":30,"359":18,"364":18,"365":18,"367":30,"368":30,"373":7,"378":3,"379":1,"383":8,"384":8,"386":8,"388":8,"389":8,"391":8,"392":8,"393":8,"394":0,"395":0,"396":0,"401":8,"404":8,"405":8,"410":1,"411":1,"412":1,"413":1,"414":1,"415":1,"416":1,"417":1,"421":1,"425":1,"429":0,"434":38,"435":38,"437":38,"438":13,"441":38,"443":38,"444":29,"445":14,"448":14,"451":14,"452":14,"457":14,"460":6,"461":6,"462":6,"468":0,"469":0,"470":0,"475":14,"476":14,"477":0,"479":14},"path":"/home/samarth/1 CRyption Network/polydex-contracts/contracts/Farm.sol","s":{"1":39,"2":39,"3":39,"4":39,"5":39,"6":39,"7":119,"8":0,"9":0,"10":0,"11":11,"12":11,"13":11,"14":11,"15":11,"16":11,"17":11,"18":11,"19":0,"20":0,"21":0,"22":0,"23":0,"24":0,"25":0,"26":0,"27":0,"28":0,"29":0,"30":0,"31":0,"32":0,"33":0,"34":0,"35":0,"36":0,"37":0,"38":28,"39":9,"40":9,"41":9,"42":9,"43":9,"44":5,"45":5,"46":5,"47":9,"48":9,"49":38,"50":38,"51":0,"52":0,"53":11,"54":11,"55":1,"56":39,"57":39,"58":5,"59":34,"60":34,"61":11,"62":11,"63":23,"64":23,"65":23,"66":23,"67":23,"68":28,"69":2,"70":30,"71":30,"72":30,"73":30,"74":30,"75":30,"76":18,"77":18,"78":18,"79":30,"80":30,"81":7,"82":3,"83":1,"84":8,"85":8,"86":8,"87":8,"88":8,"89":8,"90":8,"91":8,"92":0,"93":0,"94":0,"95":8,"96":8,"97":8,"98":1,"99":1,"100":1,"101":1,"102":1,"103":1,"104":1,"105":1,"106":1,"107":1,"108":0,"109":38,"110":38,"111":38,"112":13,"113":38,"114":38,"115":29,"116":14,"117":14,"118":14,"119":14,"120":14,"121":9,"122":6,"123":6,"124":6,"125":0,"126":0,"127":0,"128":14,"129":14,"130":0,"131":14},"b":{"1":[11,0],"2":[11,0],"3":[11,0],"4":[0,0],"5":[0,0],"6":[0,0],"7":[0,0],"8":[5,4],"9":[5,34],"10":[11,23],"11":[18,12],"12":[1,2],"13":[8,0],"14":[8,0],"15":[0,8],"16":[13,25],"17":[29,9],"18":[14,15],"19":[6,3],"20":[0,0],"21":[0,14]},"f":{"1":39,"2":119,"3":0,"4":0,"5":0,"6":11,"7":0,"8":0,"9":0,"10":28,"11":9,"12":38,"13":0,"14":11,"15":39,"16":28,"17":2,"18":30,"19":7,"20":3,"21":8,"22":1,"23":1,"24":1,"25":0,"26":38,"27":0,"28":14},"fnMap":{"1":{"name":"constructor","line":119,"loc":{"start":{"line":119,"column":4},"end":{"line":132,"column":4}}},"2":{"name":"_msgSender","line":134,"loc":{"start":{"line":134,"column":4},"end":{"line":141,"column":4}}},"3":{"name":"updateBonusMultiplier","line":143,"loc":{"start":{"line":143,"column":4},"end":{"line":145,"column":4}}},"4":{"name":"updateBlockRate","line":147,"loc":{"start":{"line":147,"column":4},"end":{"line":149,"column":4}}},"5":{"name":"poolLength","line":151,"loc":{"start":{"line":151,"column":4},"end":{"line":153,"column":4}}},"6":{"name":"add","line":163,"loc":{"start":{"line":157,"column":4},"end":{"line":196,"column":4}}},"7":{"name":"set","line":205,"loc":{"start":{"line":199,"column":4},"end":{"line":226,"column":4}}},"8":{"name":"setMigrator","line":229,"loc":{"start":{"line":229,"column":4},"end":{"line":232,"column":4}}},"9":{"name":"migrate","line":235,"loc":{"start":{"line":235,"column":4},"end":{"line":246,"column":4}}},"10":{"name":"getMultiplier","line":249,"loc":{"start":{"line":249,"column":4},"end":{"line":255,"column":4}}},"11":{"name":"pendingCNT","line":258,"loc":{"start":{"line":258,"column":4},"end":{"line":281,"column":4}}},"12":{"name":"canHarvest","line":284,"loc":{"start":{"line":284,"column":4},"end":{"line":291,"column":4}}},"13":{"name":"getHarvestUntil","line":294,"loc":{"start":{"line":294,"column":4},"end":{"line":301,"column":4}}},"14":{"name":"massUpdatePools","line":304,"loc":{"start":{"line":304,"column":4},"end":{"line":309,"column":4}}},"15":{"name":"updatePool","line":312,"loc":{"start":{"line":312,"column":4},"end":{"line":337,"column":4}}},"16":{"name":"deposit","line":340,"loc":{"start":{"line":340,"column":4},"end":{"line":342,"column":4}}},"17":{"name":"depositFor","line":345,"loc":{"start":{"line":345,"column":4},"end":{"line":347,"column":4}}},"18":{"name":"_deposit","line":349,"loc":{"start":{"line":349,"column":4},"end":{"line":369,"column":4}}},"19":{"name":"withdraw","line":372,"loc":{"start":{"line":372,"column":4},"end":{"line":374,"column":4}}},"20":{"name":"withdrawFor","line":377,"loc":{"start":{"line":377,"column":4},"end":{"line":380,"column":4}}},"21":{"name":"_withdraw","line":382,"loc":{"start":{"line":382,"column":4},"end":{"line":406,"column":4}}},"22":{"name":"emergencyWithdraw","line":409,"loc":{"start":{"line":409,"column":4},"end":{"line":418,"column":4}}},"23":{"name":"addUserToWhiteList","line":420,"loc":{"start":{"line":420,"column":4},"end":{"line":422,"column":4}}},"24":{"name":"removeUserFromWhiteList","line":424,"loc":{"start":{"line":424,"column":4},"end":{"line":426,"column":4}}},"25":{"name":"isUserWhiteListed","line":428,"loc":{"start":{"line":428,"column":4},"end":{"line":430,"column":4}}},"26":{"name":"payOrLockupPendingcnt","line":433,"loc":{"start":{"line":433,"column":4},"end":{"line":464,"column":4}}},"27":{"name":"setFeeAddress","line":467,"loc":{"start":{"line":467,"column":4},"end":{"line":471,"column":4}}},"28":{"name":"safeCNTTransfer","line":474,"loc":{"start":{"line":474,"column":4},"end":{"line":481,"column":4}}}},"statementMap":{"1":{"start":{"line":126,"column":8},"end":{"line":126,"column":32}},"2":{"start":{"line":127,"column":8},"end":{"line":127,"column":17}},"3":{"start":{"line":128,"column":8},"end":{"line":128,"column":33}},"4":{"start":{"line":129,"column":8},"end":{"line":129,"column":31}},"5":{"start":{"line":130,"column":8},"end":{"line":130,"column":31}},"6":{"start":{"line":131,"column":8},"end":{"line":131,"column":37}},"7":{"start":{"line":140,"column":8},"end":{"line":140,"column":39}},"8":{"start":{"line":144,"column":8},"end":{"line":144,"column":42}},"9":{"start":{"line":148,"column":8},"end":{"line":148,"column":33}},"10":{"start":{"line":152,"column":8},"end":{"line":152,"column":30}},"11":{"start":{"line":164,"column":8},"end":{"line":164,"column":5913}},"12":{"start":{"line":168,"column":8},"end":{"line":168,"column":6052}},"13":{"start":{"line":172,"column":8},"end":{"line":172,"column":6182}},"14":{"start":{"line":173,"column":12},"end":{"line":173,"column":28}},"15":{"start":{"line":175,"column":8},"end":{"line":175,"column":6307}},"16":{"start":{"line":177,"column":8},"end":{"line":177,"column":57}},"17":{"start":{"line":178,"column":8},"end":{"line":178,"column":6411}},"18":{"start":{"line":189,"column":8},"end":{"line":189,"column":6747}},"19":{"start":{"line":206,"column":8},"end":{"line":206,"column":7205}},"20":{"start":{"line":210,"column":8},"end":{"line":210,"column":7344}},"21":{"start":{"line":211,"column":12},"end":{"line":211,"column":28}},"22":{"start":{"line":213,"column":8},"end":{"line":213,"column":7412}},"23":{"start":{"line":216,"column":8},"end":{"line":216,"column":46}},"24":{"start":{"line":217,"column":8},"end":{"line":217,"column":56}},"25":{"start":{"line":218,"column":8},"end":{"line":218,"column":56}},"26":{"start":{"line":220,"column":8},"end":{"line":220,"column":7694}},"27":{"start":{"line":230,"column":8},"end":{"line":230,"column":27}},"28":{"start":{"line":231,"column":8},"end":{"line":231,"column":39}},"29":{"start":{"line":236,"column":8},"end":{"line":236,"column":71}},"30":{"start":{"line":237,"column":8},"end":{"line":237,"column":46}},"31":{"start":{"line":238,"column":8},"end":{"line":238,"column":37}},"32":{"start":{"line":239,"column":8},"end":{"line":239,"column":54}},"33":{"start":{"line":240,"column":8},"end":{"line":240,"column":50}},"34":{"start":{"line":241,"column":8},"end":{"line":241,"column":53}},"35":{"start":{"line":242,"column":8},"end":{"line":242,"column":74}},"36":{"start":{"line":243,"column":8},"end":{"line":243,"column":32}},"37":{"start":{"line":245,"column":8},"end":{"line":245,"column":31}},"38":{"start":{"line":254,"column":8},"end":{"line":254,"column":51}},"39":{"start":{"line":263,"column":8},"end":{"line":263,"column":46}},"40":{"start":{"line":264,"column":8},"end":{"line":264,"column":53}},"41":{"start":{"line":265,"column":8},"end":{"line":265,"column":52}},"42":{"start":{"line":266,"column":8},"end":{"line":266,"column":64}},"43":{"start":{"line":267,"column":8},"end":{"line":267,"column":9328}},"44":{"start":{"line":268,"column":12},"end":{"line":268,"column":9457}},"45":{"start":{"line":270,"column":12},"end":{"line":270,"column":9509}},"46":{"start":{"line":274,"column":12},"end":{"line":274,"column":9661}},"47":{"start":{"line":278,"column":8},"end":{"line":278,"column":9843}},"48":{"start":{"line":280,"column":8},"end":{"line":280,"column":47}},"49":{"start":{"line":289,"column":8},"end":{"line":289,"column":52}},"50":{"start":{"line":290,"column":8},"end":{"line":290,"column":55}},"51":{"start":{"line":299,"column":8},"end":{"line":299,"column":52}},"52":{"start":{"line":300,"column":8},"end":{"line":300,"column":36}},"53":{"start":{"line":305,"column":8},"end":{"line":305,"column":40}},"54":{"start":{"line":306,"column":8},"end":{"line":306,"column":10647}},"55":{"start":{"line":307,"column":12},"end":{"line":307,"column":26}},"56":{"start":{"line":313,"column":8},"end":{"line":313,"column":46}},"57":{"start":{"line":314,"column":8},"end":{"line":314,"column":10908}},"58":{"start":{"line":315,"column":12},"end":{"line":315,"column":18}},"59":{"start":{"line":317,"column":8},"end":{"line":317,"column":64}},"60":{"start":{"line":318,"column":8},"end":{"line":318,"column":11056}},"61":{"start":{"line":319,"column":12},"end":{"line":319,"column":46}},"62":{"start":{"line":320,"column":12},"end":{"line":320,"column":18}},"63":{"start":{"line":322,"column":8},"end":{"line":322,"column":78}},"64":{"start":{"line":323,"column":8},"end":{"line":323,"column":11249}},"65":{"start":{"line":327,"column":8},"end":{"line":327,"column":11385}},"66":{"start":{"line":330,"column":8},"end":{"line":330,"column":42}},"67":{"start":{"line":331,"column":8},"end":{"line":331,"column":11543}},"68":{"start":{"line":341,"column":8},"end":{"line":341,"column":43}},"69":{"start":{"line":346,"column":8},"end":{"line":346,"column":36}},"70":{"start":{"line":350,"column":8},"end":{"line":350,"column":46}},"71":{"start":{"line":351,"column":8},"end":{"line":351,"column":53}},"72":{"start":{"line":353,"column":8},"end":{"line":353,"column":47}},"73":{"start":{"line":355,"column":8},"end":{"line":355,"column":23}},"74":{"start":{"line":356,"column":8},"end":{"line":356,"column":47}},"75":{"start":{"line":358,"column":8},"end":{"line":358,"column":12366}},"76":{"start":{"line":359,"column":12},"end":{"line":359,"column":12401}},"77":{"start":{"line":364,"column":12},"end":{"line":364,"column":49}},"78":{"start":{"line":365,"column":12},"end":{"line":365,"column":76}},"79":{"start":{"line":367,"column":8},"end":{"line":367,"column":71}},"80":{"start":{"line":368,"column":8},"end":{"line":368,"column":42}},"81":{"start":{"line":373,"column":8},"end":{"line":373,"column":57}},"82":{"start":{"line":378,"column":8},"end":{"line":378,"column":79}},"83":{"start":{"line":379,"column":8},"end":{"line":379,"column":50}},"84":{"start":{"line":383,"column":7},"end":{"line":383,"column":45}},"85":{"start":{"line":384,"column":7},"end":{"line":384,"column":52}},"86":{"start":{"line":386,"column":7},"end":{"line":386,"column":59}},"87":{"start":{"line":388,"column":7},"end":{"line":388,"column":22}},"88":{"start":{"line":389,"column":7},"end":{"line":389,"column":51}},"89":{"start":{"line":391,"column":7},"end":{"line":391,"column":13607}},"90":{"start":{"line":392,"column":12},"end":{"line":392,"column":49}},"91":{"start":{"line":393,"column":12},"end":{"line":393,"column":13694}},"92":{"start":{"line":394,"column":16},"end":{"line":394,"column":84}},"93":{"start":{"line":395,"column":16},"end":{"line":395,"column":67}},"94":{"start":{"line":396,"column":16},"end":{"line":396,"column":13902}},"95":{"start":{"line":401,"column":16},"end":{"line":401,"column":71}},"96":{"start":{"line":404,"column":8},"end":{"line":404,"column":71}},"97":{"start":{"line":405,"column":8},"end":{"line":405,"column":43}},"98":{"start":{"line":410,"column":8},"end":{"line":410,"column":46}},"99":{"start":{"line":411,"column":8},"end":{"line":411,"column":60}},"100":{"start":{"line":412,"column":8},"end":{"line":412,"column":68}},"101":{"start":{"line":413,"column":8},"end":{"line":413,"column":63}},"102":{"start":{"line":414,"column":8},"end":{"line":414,"column":22}},"103":{"start":{"line":415,"column":8},"end":{"line":415,"column":26}},"104":{"start":{"line":416,"column":8},"end":{"line":416,"column":30}},"105":{"start":{"line":417,"column":8},"end":{"line":417,"column":32}},"106":{"start":{"line":421,"column":8},"end":{"line":421,"column":54}},"107":{"start":{"line":425,"column":8},"end":{"line":425,"column":55}},"108":{"start":{"line":429,"column":8},"end":{"line":429,"column":50}},"109":{"start":{"line":434,"column":8},"end":{"line":434,"column":46}},"110":{"start":{"line":435,"column":8},"end":{"line":435,"column":53}},"111":{"start":{"line":437,"column":8},"end":{"line":437,"column":15415}},"112":{"start":{"line":438,"column":12},"end":{"line":438,"column":76}},"113":{"start":{"line":441,"column":8},"end":{"line":441,"column":15618}},"114":{"start":{"line":443,"column":8},"end":{"line":443,"column":15654}},"115":{"start":{"line":444,"column":12},"end":{"line":444,"column":15701}},"116":{"start":{"line":445,"column":16},"end":{"line":445,"column":71}},"117":{"start":{"line":448,"column":16},"end":{"line":448,"column":15873}},"118":{"start":{"line":451,"column":16},"end":{"line":451,"column":38}},"119":{"start":{"line":452,"column":16},"end":{"line":452,"column":16038}},"120":{"start":{"line":457,"column":16},"end":{"line":457,"column":57}},"121":{"start":{"line":459,"column":15},"end":{"line":459,"column":16257}},"122":{"start":{"line":460,"column":12},"end":{"line":460,"column":65}},"123":{"start":{"line":461,"column":12},"end":{"line":461,"column":67}},"124":{"start":{"line":462,"column":12},"end":{"line":462,"column":53}},"125":{"start":{"line":468,"column":8},"end":{"line":468,"column":75}},"126":{"start":{"line":469,"column":8},"end":{"line":469,"column":31}},"127":{"start":{"line":470,"column":8},"end":{"line":470,"column":53}},"128":{"start":{"line":475,"column":8},"end":{"line":475,"column":53}},"129":{"start":{"line":476,"column":8},"end":{"line":476,"column":17018}},"130":{"start":{"line":477,"column":12},"end":{"line":477,"column":36}},"131":{"start":{"line":479,"column":12},"end":{"line":479,"column":37}}},"branchMap":{"1":{"line":164,"type":"if","locations":[{"start":{"line":164,"column":8},"end":{"line":164,"column":8}},{"start":{"line":164,"column":8},"end":{"line":164,"column":8}}]},"2":{"line":168,"type":"if","locations":[{"start":{"line":168,"column":8},"end":{"line":168,"column":8}},{"start":{"line":168,"column":8},"end":{"line":168,"column":8}}]},"3":{"line":172,"type":"if","locations":[{"start":{"line":172,"column":8},"end":{"line":172,"column":8}},{"start":{"line":172,"column":8},"end":{"line":172,"column":8}}]},"4":{"line":206,"type":"if","locations":[{"start":{"line":206,"column":8},"end":{"line":206,"column":8}},{"start":{"line":206,"column":8},"end":{"line":206,"column":8}}]},"5":{"line":210,"type":"if","locations":[{"start":{"line":210,"column":8},"end":{"line":210,"column":8}},{"start":{"line":210,"column":8},"end":{"line":210,"column":8}}]},"6":{"line":236,"type":"if","locations":[{"start":{"line":236,"column":8},"end":{"line":236,"column":8}},{"start":{"line":236,"column":8},"end":{"line":236,"column":8}}]},"7":{"line":242,"type":"if","locations":[{"start":{"line":242,"column":8},"end":{"line":242,"column":8}},{"start":{"line":242,"column":8},"end":{"line":242,"column":8}}]},"8":{"line":267,"type":"if","locations":[{"start":{"line":267,"column":8},"end":{"line":267,"column":8}},{"start":{"line":267,"column":8},"end":{"line":267,"column":8}}]},"9":{"line":314,"type":"if","locations":[{"start":{"line":314,"column":8},"end":{"line":314,"column":8}},{"start":{"line":314,"column":8},"end":{"line":314,"column":8}}]},"10":{"line":318,"type":"if","locations":[{"start":{"line":318,"column":8},"end":{"line":318,"column":8}},{"start":{"line":318,"column":8},"end":{"line":318,"column":8}}]},"11":{"line":358,"type":"if","locations":[{"start":{"line":358,"column":8},"end":{"line":358,"column":8}},{"start":{"line":358,"column":8},"end":{"line":358,"column":8}}]},"12":{"line":378,"type":"if","locations":[{"start":{"line":378,"column":8},"end":{"line":378,"column":8}},{"start":{"line":378,"column":8},"end":{"line":378,"column":8}}]},"13":{"line":386,"type":"if","locations":[{"start":{"line":386,"column":7},"end":{"line":386,"column":7}},{"start":{"line":386,"column":7},"end":{"line":386,"column":7}}]},"14":{"line":391,"type":"if","locations":[{"start":{"line":391,"column":7},"end":{"line":391,"column":7}},{"start":{"line":391,"column":7},"end":{"line":391,"column":7}}]},"15":{"line":393,"type":"if","locations":[{"start":{"line":393,"column":12},"end":{"line":393,"column":12}},{"start":{"line":393,"column":12},"end":{"line":393,"column":12}}]},"16":{"line":437,"type":"if","locations":[{"start":{"line":437,"column":8},"end":{"line":437,"column":8}},{"start":{"line":437,"column":8},"end":{"line":437,"column":8}}]},"17":{"line":443,"type":"if","locations":[{"start":{"line":443,"column":8},"end":{"line":443,"column":8}},{"start":{"line":443,"column":8},"end":{"line":443,"column":8}}]},"18":{"line":444,"type":"if","locations":[{"start":{"line":444,"column":12},"end":{"line":444,"column":12}},{"start":{"line":444,"column":12},"end":{"line":444,"column":12}}]},"19":{"line":459,"type":"if","locations":[{"start":{"line":459,"column":15},"end":{"line":459,"column":15}},{"start":{"line":459,"column":15},"end":{"line":459,"column":15}}]},"20":{"line":468,"type":"if","locations":[{"start":{"line":468,"column":8},"end":{"line":468,"column":8}},{"start":{"line":468,"column":8},"end":{"line":468,"column":8}}]},"21":{"line":476,"type":"if","locations":[{"start":{"line":476,"column":8},"end":{"line":476,"column":8}},{"start":{"line":476,"column":8},"end":{"line":476,"column":8}}]}}},"contracts/libraries/ContextMixin.sol":{"l":{"5":157,"6":0,"7":0,"8":0,"16":157,"18":157},"path":"/home/samarth/1 CRyption Network/polydex-contracts/contracts/libraries/ContextMixin.sol","s":{"1":157,"2":0,"3":0,"4":157,"5":157},"b":{"1":[0,157]},"f":{"1":157},"fnMap":{"1":{"name":"msgSender","line":4,"loc":{"start":{"line":4,"column":4},"end":{"line":19,"column":4}}}},"statementMap":{"1":{"start":{"line":5,"column":8},"end":{"line":5,"column":151}},"2":{"start":{"line":6,"column":12},"end":{"line":6,"column":41}},"3":{"start":{"line":7,"column":12},"end":{"line":7,"column":43}},"4":{"start":{"line":16,"column":12},"end":{"line":16,"column":30}},"5":{"start":{"line":18,"column":8},"end":{"line":18,"column":21}}},"branchMap":{"1":{"line":5,"type":"if","locations":[{"start":{"line":5,"column":8},"end":{"line":5,"column":8}},{"start":{"line":5,"column":8},"end":{"line":5,"column":8}}]}}},"contracts/libraries/EIP712Base.sol":{"l":{"31":90,"35":90,"47":0,"51":90,"52":90,"55":90,"70":0},"path":"/home/samarth/1 CRyption Network/polydex-contracts/contracts/libraries/EIP712Base.sol","s":{"1":90,"2":90,"3":0,"4":90,"5":90,"6":0},"b":{},"f":{"1":90,"2":90,"3":0,"4":90,"5":0},"fnMap":{"1":{"name":"_initializeEIP712","line":29,"loc":{"start":{"line":25,"column":4},"end":{"line":32,"column":4}}},"2":{"name":"_setDomainSeperator","line":34,"loc":{"start":{"line":34,"column":4},"end":{"line":44,"column":4}}},"3":{"name":"getDomainSeperator","line":46,"loc":{"start":{"line":46,"column":4},"end":{"line":48,"column":4}}},"4":{"name":"getChainId","line":50,"loc":{"start":{"line":50,"column":4},"end":{"line":56,"column":4}}},"5":{"name":"toTypedMessageHash","line":65,"loc":{"start":{"line":65,"column":4},"end":{"line":74,"column":4}}}},"statementMap":{"1":{"start":{"line":31,"column":8},"end":{"line":31,"column":32}},"2":{"start":{"line":35,"column":8},"end":{"line":35,"column":940}},"3":{"start":{"line":47,"column":8},"end":{"line":47,"column":30}},"4":{"start":{"line":51,"column":8},"end":{"line":51,"column":18}},"5":{"start":{"line":55,"column":8},"end":{"line":55,"column":17}},"6":{"start":{"line":70,"column":8},"end":{"line":70,"column":1963}}},"branchMap":{}},"contracts/libraries/Initializable.sol":{"l":{"7":90,"8":90,"9":90},"path":"/home/samarth/1 CRyption Network/polydex-contracts/contracts/libraries/Initializable.sol","s":{"1":90,"2":90},"b":{"1":[90,0]},"f":{"1":90},"fnMap":{"1":{"name":"initializer","line":6,"loc":{"start":{"line":6,"column":4},"end":{"line":10,"column":4}}}},"statementMap":{"1":{"start":{"line":7,"column":8},"end":{"line":7,"column":41}},"2":{"start":{"line":9,"column":8},"end":{"line":9,"column":20}}},"branchMap":{"1":{"line":7,"type":"if","locations":[{"start":{"line":7,"column":8},"end":{"line":7,"column":8}},{"start":{"line":7,"column":8},"end":{"line":7,"column":8}}]}}},"contracts/libraries/NativeMetaTransaction.sol":{"l":{"38":0,"44":0,"50":0,"52":0,"59":0,"62":0,"64":0,"72":0,"84":0,"94":0,"95":0},"path":"/home/samarth/1 CRyption Network/polydex-contracts/contracts/libraries/NativeMetaTransaction.sol","s":{"1":0,"2":0,"3":0,"4":0,"5":0,"6":0,"7":0,"8":0,"9":0,"10":0,"11":0},"b":{"1":[0,0],"2":[0,0],"3":[0,0]},"f":{"1":0,"2":0,"3":0,"4":0},"fnMap":{"1":{"name":"executeMetaTransaction","line":31,"loc":{"start":{"line":31,"column":4},"end":{"line":65,"column":4}}},"2":{"name":"hashMetaTransaction","line":67,"loc":{"start":{"line":67,"column":4},"end":{"line":81,"column":4}}},"3":{"name":"getNonce","line":83,"loc":{"start":{"line":83,"column":4},"end":{"line":85,"column":4}}},"4":{"name":"verify","line":87,"loc":{"start":{"line":87,"column":4},"end":{"line":103,"column":4}}}},"statementMap":{"1":{"start":{"line":38,"column":8},"end":{"line":38,"column":1131}},"2":{"start":{"line":44,"column":8},"end":{"line":44,"column":1320}},"3":{"start":{"line":50,"column":8},"end":{"line":50,"column":55}},"4":{"start":{"line":52,"column":8},"end":{"line":52,"column":1569}},"5":{"start":{"line":59,"column":8},"end":{"line":59,"column":1794}},"6":{"start":{"line":62,"column":8},"end":{"line":62,"column":55}},"7":{"start":{"line":64,"column":8},"end":{"line":64,"column":25}},"8":{"start":{"line":72,"column":8},"end":{"line":72,"column":2159}},"9":{"start":{"line":84,"column":8},"end":{"line":84,"column":27}},"10":{"start":{"line":94,"column":8},"end":{"line":94,"column":77}},"11":{"start":{"line":95,"column":8},"end":{"line":95,"column":2810}}},"branchMap":{"1":{"line":44,"type":"if","locations":[{"start":{"line":44,"column":8},"end":{"line":44,"column":8}},{"start":{"line":44,"column":8},"end":{"line":44,"column":8}}]},"2":{"line":62,"type":"if","locations":[{"start":{"line":62,"column":8},"end":{"line":62,"column":8}},{"start":{"line":62,"column":8},"end":{"line":62,"column":8}}]},"3":{"line":94,"type":"if","locations":[{"start":{"line":94,"column":8},"end":{"line":94,"column":8}},{"start":{"line":94,"column":8},"end":{"line":94,"column":8}}]}}},"contracts/libraries/TransferHelper.sol":{"l":{"5":0,"6":0,"10":0,"11":0,"15":5,"16":5},"path":"/home/samarth/1 CRyption Network/polydex-contracts/contracts/libraries/TransferHelper.sol","s":{"1":0,"2":0,"3":0,"4":0,"5":5,"6":5},"b":{"1":[0,0],"2":[0,0],"3":[5,0]},"f":{"1":0,"2":0,"3":5},"fnMap":{"1":{"name":"safeApprove","line":4,"loc":{"start":{"line":4,"column":4},"end":{"line":7,"column":4}}},"2":{"name":"safeTransfer","line":9,"loc":{"start":{"line":9,"column":4},"end":{"line":12,"column":4}}},"3":{"name":"safeTransferFrom","line":14,"loc":{"start":{"line":14,"column":4},"end":{"line":17,"column":4}}}},"statementMap":{"1":{"start":{"line":5,"column":8},"end":{"line":5,"column":101}},"2":{"start":{"line":6,"column":8},"end":{"line":6,"column":107}},"3":{"start":{"line":10,"column":8},"end":{"line":10,"column":101}},"4":{"start":{"line":11,"column":8},"end":{"line":11,"column":108}},"5":{"start":{"line":15,"column":8},"end":{"line":15,"column":107}},"6":{"start":{"line":16,"column":8},"end":{"line":16,"column":113}}},"branchMap":{"1":{"line":6,"type":"if","locations":[{"start":{"line":6,"column":8},"end":{"line":6,"column":8}},{"start":{"line":6,"column":8},"end":{"line":6,"column":8}}]},"2":{"line":11,"type":"if","locations":[{"start":{"line":11,"column":8},"end":{"line":11,"column":8}},{"start":{"line":11,"column":8},"end":{"line":11,"column":8}}]},"3":{"line":16,"type":"if","locations":[{"start":{"line":16,"column":8},"end":{"line":16,"column":8}},{"start":{"line":16,"column":8},"end":{"line":16,"column":8}}]}}},"contracts/mocks/ERC20Mock.sol":{"l":{"13":108},"path":"/home/samarth/1 CRyption Network/polydex-contracts/contracts/mocks/ERC20Mock.sol","s":{"1":108},"b":{},"f":{"1":108},"fnMap":{"1":{"name":"constructor","line":12,"loc":{"start":{"line":8,"column":4},"end":{"line":14,"column":4}}}},"statementMap":{"1":{"start":{"line":13,"column":8},"end":{"line":13,"column":32}}},"branchMap":{}},"contracts/polydex/interfaces/IERC20.sol":{"l":{},"path":"/home/samarth/1 CRyption Network/polydex-contracts/contracts/polydex/interfaces/IERC20.sol","s":{},"b":{},"f":{},"fnMap":{},"statementMap":{},"branchMap":{}},"contracts/polydex/interfaces/IPolydexCallee.sol":{"l":{},"path":"/home/samarth/1 CRyption Network/polydex-contracts/contracts/polydex/interfaces/IPolydexCallee.sol","s":{},"b":{},"f":{},"fnMap":{},"statementMap":{},"branchMap":{}},"contracts/polydex/interfaces/IPolydexERC20.sol":{"l":{},"path":"/home/samarth/1 CRyption Network/polydex-contracts/contracts/polydex/interfaces/IPolydexERC20.sol","s":{},"b":{},"f":{},"fnMap":{},"statementMap":{},"branchMap":{}},"contracts/polydex/interfaces/IPolydexFactory.sol":{"l":{},"path":"/home/samarth/1 CRyption Network/polydex-contracts/contracts/polydex/interfaces/IPolydexFactory.sol","s":{},"b":{},"f":{},"fnMap":{},"statementMap":{},"branchMap":{}},"contracts/polydex/interfaces/IPolydexPair.sol":{"l":{},"path":"/home/samarth/1 CRyption Network/polydex-contracts/contracts/polydex/interfaces/IPolydexPair.sol","s":{},"b":{},"f":{},"fnMap":{},"statementMap":{},"branchMap":{}},"contracts/polydex/interfaces/IPolydexRouter.sol":{"l":{},"path":"/home/samarth/1 CRyption Network/polydex-contracts/contracts/polydex/interfaces/IPolydexRouter.sol","s":{},"b":{},"f":{},"fnMap":{},"statementMap":{},"branchMap":{}},"contracts/polydex/interfaces/IWETH.sol":{"l":{},"path":"/home/samarth/1 CRyption Network/polydex-contracts/contracts/polydex/interfaces/IWETH.sol","s":{},"b":{},"f":{},"fnMap":{},"statementMap":{},"branchMap":{}},"contracts/polydex/libraries/EIP712Base.sol":{"l":{"31":0,"35":0,"47":0,"51":0,"52":0,"55":0,"70":0},"path":"/home/samarth/1 CRyption Network/polydex-contracts/contracts/polydex/libraries/EIP712Base.sol","s":{"1":0,"2":0,"3":0,"4":0,"5":0,"6":0},"b":{},"f":{"1":0,"2":0,"3":0,"4":0,"5":0},"fnMap":{"1":{"name":"_initializeEIP712","line":29,"loc":{"start":{"line":25,"column":4},"end":{"line":32,"column":4}}},"2":{"name":"_setDomainSeperator","line":34,"loc":{"start":{"line":34,"column":4},"end":{"line":44,"column":4}}},"3":{"name":"getDomainSeperator","line":46,"loc":{"start":{"line":46,"column":4},"end":{"line":48,"column":4}}},"4":{"name":"getChainId","line":50,"loc":{"start":{"line":50,"column":4},"end":{"line":56,"column":4}}},"5":{"name":"toTypedMessageHash","line":65,"loc":{"start":{"line":65,"column":4},"end":{"line":74,"column":4}}}},"statementMap":{"1":{"start":{"line":31,"column":8},"end":{"line":31,"column":32}},"2":{"start":{"line":35,"column":8},"end":{"line":35,"column":940}},"3":{"start":{"line":47,"column":8},"end":{"line":47,"column":30}},"4":{"start":{"line":51,"column":8},"end":{"line":51,"column":18}},"5":{"start":{"line":55,"column":8},"end":{"line":55,"column":17}},"6":{"start":{"line":70,"column":8},"end":{"line":70,"column":1963}}},"branchMap":{}},"contracts/polydex/libraries/Initializable.sol":{"l":{"7":0,"8":0,"9":0},"path":"/home/samarth/1 CRyption Network/polydex-contracts/contracts/polydex/libraries/Initializable.sol","s":{"1":0,"2":0},"b":{"1":[0,0]},"f":{"1":0},"fnMap":{"1":{"name":"initializer","line":6,"loc":{"start":{"line":6,"column":4},"end":{"line":10,"column":4}}}},"statementMap":{"1":{"start":{"line":7,"column":8},"end":{"line":7,"column":41}},"2":{"start":{"line":9,"column":8},"end":{"line":9,"column":20}}},"branchMap":{"1":{"line":7,"type":"if","locations":[{"start":{"line":7,"column":8},"end":{"line":7,"column":8}},{"start":{"line":7,"column":8},"end":{"line":7,"column":8}}]}}},"contracts/polydex/libraries/Math.sol":{"l":{"9":0,"14":0,"15":0,"16":0,"17":0,"18":0,"19":0,"22":0},"path":"/home/samarth/1 CRyption Network/polydex-contracts/contracts/polydex/libraries/Math.sol","s":{"1":0,"2":0,"3":0,"4":0,"5":0,"6":0,"7":0,"8":0,"9":0},"b":{"1":[0,0],"2":[0,0]},"f":{"1":0,"2":0},"fnMap":{"1":{"name":"min","line":8,"loc":{"start":{"line":8,"column":4},"end":{"line":10,"column":4}}},"2":{"name":"sqrt","line":13,"loc":{"start":{"line":13,"column":4},"end":{"line":24,"column":4}}}},"statementMap":{"1":{"start":{"line":9,"column":8},"end":{"line":9,"column":24}},"2":{"start":{"line":14,"column":8},"end":{"line":14,"column":419}},"3":{"start":{"line":15,"column":12},"end":{"line":15,"column":16}},"4":{"start":{"line":16,"column":12},"end":{"line":16,"column":30}},"5":{"start":{"line":17,"column":12},"end":{"line":17,"column":499}},"6":{"start":{"line":18,"column":16},"end":{"line":18,"column":20}},"7":{"start":{"line":19,"column":16},"end":{"line":19,"column":34}},"8":{"start":{"line":21,"column":15},"end":{"line":21,"column":600}},"9":{"start":{"line":22,"column":12},"end":{"line":22,"column":16}}},"branchMap":{"1":{"line":14,"type":"if","locations":[{"start":{"line":14,"column":8},"end":{"line":14,"column":8}},{"start":{"line":14,"column":8},"end":{"line":14,"column":8}}]},"2":{"line":21,"type":"if","locations":[{"start":{"line":21,"column":15},"end":{"line":21,"column":15}},{"start":{"line":21,"column":15},"end":{"line":21,"column":15}}]}}},"contracts/polydex/libraries/NativeMetaTransaction.sol":{"l":{"39":0,"45":0,"51":0,"53":0,"60":0,"63":0,"65":0,"73":0,"85":0,"95":0,"96":0,"107":0,"108":0,"109":0,"110":0,"115":0,"117":0},"path":"/home/samarth/1 CRyption Network/polydex-contracts/contracts/polydex/libraries/NativeMetaTransaction.sol","s":{"1":0,"2":0,"3":0,"4":0,"5":0,"6":0,"7":0,"8":0,"9":0,"10":0,"11":0,"12":0,"13":0,"14":0,"15":0,"16":0},"b":{"1":[0,0],"2":[0,0],"3":[0,0],"4":[0,0]},"f":{"1":0,"2":0,"3":0,"4":0,"5":0},"fnMap":{"1":{"name":"executeMetaTransaction","line":32,"loc":{"start":{"line":32,"column":4},"end":{"line":66,"column":4}}},"2":{"name":"hashMetaTransaction","line":68,"loc":{"start":{"line":68,"column":4},"end":{"line":82,"column":4}}},"3":{"name":"getNonce","line":84,"loc":{"start":{"line":84,"column":4},"end":{"line":86,"column":4}}},"4":{"name":"verify","line":88,"loc":{"start":{"line":88,"column":4},"end":{"line":104,"column":4}}},"5":{"name":"_msgSender","line":106,"loc":{"start":{"line":106,"column":4},"end":{"line":118,"column":4}}}},"statementMap":{"1":{"start":{"line":39,"column":8},"end":{"line":39,"column":1112}},"2":{"start":{"line":45,"column":8},"end":{"line":45,"column":1301}},"3":{"start":{"line":51,"column":8},"end":{"line":51,"column":55}},"4":{"start":{"line":53,"column":8},"end":{"line":53,"column":1550}},"5":{"start":{"line":60,"column":8},"end":{"line":60,"column":1775}},"6":{"start":{"line":63,"column":8},"end":{"line":63,"column":55}},"7":{"start":{"line":65,"column":8},"end":{"line":65,"column":25}},"8":{"start":{"line":73,"column":8},"end":{"line":73,"column":2140}},"9":{"start":{"line":85,"column":8},"end":{"line":85,"column":27}},"10":{"start":{"line":95,"column":8},"end":{"line":95,"column":77}},"11":{"start":{"line":96,"column":8},"end":{"line":96,"column":2791}},"12":{"start":{"line":107,"column":8},"end":{"line":107,"column":3073}},"13":{"start":{"line":108,"column":12},"end":{"line":108,"column":41}},"14":{"start":{"line":109,"column":12},"end":{"line":109,"column":43}},"15":{"start":{"line":115,"column":12},"end":{"line":115,"column":30}},"16":{"start":{"line":117,"column":8},"end":{"line":117,"column":21}}},"branchMap":{"1":{"line":45,"type":"if","locations":[{"start":{"line":45,"column":8},"end":{"line":45,"column":8}},{"start":{"line":45,"column":8},"end":{"line":45,"column":8}}]},"2":{"line":63,"type":"if","locations":[{"start":{"line":63,"column":8},"end":{"line":63,"column":8}},{"start":{"line":63,"column":8},"end":{"line":63,"column":8}}]},"3":{"line":95,"type":"if","locations":[{"start":{"line":95,"column":8},"end":{"line":95,"column":8}},{"start":{"line":95,"column":8},"end":{"line":95,"column":8}}]},"4":{"line":107,"type":"if","locations":[{"start":{"line":107,"column":8},"end":{"line":107,"column":8}},{"start":{"line":107,"column":8},"end":{"line":107,"column":8}}]}}},"contracts/polydex/libraries/PolydexLibrary.sol":{"l":{"14":0,"15":0,"16":0,"21":0,"22":0,"32":0,"33":0,"34":0,"39":0,"40":0,"41":0,"46":0,"47":0,"48":0,"49":0,"50":0,"51":0,"56":0,"57":0,"58":0,"59":0,"60":0,"65":0,"66":0,"67":0,"68":0,"69":0,"70":0,"76":0,"77":0,"78":0,"79":0,"80":0,"81":0},"path":"/home/samarth/1 CRyption Network/polydex-contracts/contracts/polydex/libraries/PolydexLibrary.sol","s":{"1":0,"2":0,"3":0,"4":0,"5":0,"6":0,"7":0,"8":0,"9":0,"10":0,"11":0,"12":0,"13":0,"14":0,"15":0,"16":0,"17":0,"18":0,"19":0,"20":0,"21":0,"22":0,"23":0,"24":0,"25":0,"26":0,"27":0,"28":0,"29":0,"30":0,"31":0,"32":0,"33":0,"34":0},"b":{"1":[0,0],"2":[0,0],"3":[0,0],"4":[0,0],"5":[0,0],"6":[0,0],"7":[0,0],"8":[0,0],"9":[0,0],"10":[0,0]},"f":{"1":0,"2":0,"3":0,"4":0,"5":0,"6":0,"7":0,"8":0},"fnMap":{"1":{"name":"sortTokens","line":13,"loc":{"start":{"line":13,"column":4},"end":{"line":17,"column":4}}},"2":{"name":"pairFor","line":20,"loc":{"start":{"line":20,"column":4},"end":{"line":28,"column":4}}},"3":{"name":"getReserves","line":31,"loc":{"start":{"line":31,"column":4},"end":{"line":35,"column":4}}},"4":{"name":"quote","line":38,"loc":{"start":{"line":38,"column":4},"end":{"line":42,"column":4}}},"5":{"name":"getAmountOut","line":45,"loc":{"start":{"line":45,"column":4},"end":{"line":52,"column":4}}},"6":{"name":"getAmountIn","line":55,"loc":{"start":{"line":55,"column":4},"end":{"line":61,"column":4}}},"7":{"name":"getAmountsOut","line":64,"loc":{"start":{"line":64,"column":4},"end":{"line":72,"column":4}}},"8":{"name":"getAmountsIn","line":75,"loc":{"start":{"line":75,"column":4},"end":{"line":83,"column":4}}}},"statementMap":{"1":{"start":{"line":14,"column":8},"end":{"line":14,"column":71}},"2":{"start":{"line":15,"column":8},"end":{"line":15,"column":79}},"3":{"start":{"line":16,"column":8},"end":{"line":16,"column":68}},"4":{"start":{"line":21,"column":8},"end":{"line":21,"column":69}},"5":{"start":{"line":22,"column":8},"end":{"line":22,"column":930}},"6":{"start":{"line":32,"column":8},"end":{"line":32,"column":54}},"7":{"start":{"line":33,"column":8},"end":{"line":33,"column":102}},"8":{"start":{"line":34,"column":8},"end":{"line":34,"column":92}},"9":{"start":{"line":39,"column":8},"end":{"line":39,"column":66}},"10":{"start":{"line":40,"column":8},"end":{"line":40,"column":86}},"11":{"start":{"line":41,"column":8},"end":{"line":41,"column":49}},"12":{"start":{"line":46,"column":8},"end":{"line":46,"column":73}},"13":{"start":{"line":47,"column":8},"end":{"line":47,"column":89}},"14":{"start":{"line":48,"column":8},"end":{"line":48,"column":48}},"15":{"start":{"line":49,"column":8},"end":{"line":49,"column":56}},"16":{"start":{"line":50,"column":8},"end":{"line":50,"column":67}},"17":{"start":{"line":51,"column":8},"end":{"line":51,"column":42}},"18":{"start":{"line":56,"column":8},"end":{"line":56,"column":75}},"19":{"start":{"line":57,"column":8},"end":{"line":57,"column":89}},"20":{"start":{"line":58,"column":8},"end":{"line":58,"column":59}},"21":{"start":{"line":59,"column":8},"end":{"line":59,"column":61}},"22":{"start":{"line":60,"column":8},"end":{"line":60,"column":50}},"23":{"start":{"line":65,"column":8},"end":{"line":65,"column":64}},"24":{"start":{"line":66,"column":8},"end":{"line":66,"column":40}},"25":{"start":{"line":67,"column":8},"end":{"line":67,"column":28}},"26":{"start":{"line":68,"column":8},"end":{"line":68,"column":3631}},"27":{"start":{"line":69,"column":12},"end":{"line":69,"column":90}},"28":{"start":{"line":70,"column":12},"end":{"line":70,"column":75}},"29":{"start":{"line":76,"column":8},"end":{"line":76,"column":64}},"30":{"start":{"line":77,"column":8},"end":{"line":77,"column":40}},"31":{"start":{"line":78,"column":8},"end":{"line":78,"column":46}},"32":{"start":{"line":79,"column":8},"end":{"line":79,"column":4228}},"33":{"start":{"line":80,"column":12},"end":{"line":80,"column":90}},"34":{"start":{"line":81,"column":12},"end":{"line":81,"column":74}}},"branchMap":{"1":{"line":14,"type":"if","locations":[{"start":{"line":14,"column":8},"end":{"line":14,"column":8}},{"start":{"line":14,"column":8},"end":{"line":14,"column":8}}]},"2":{"line":16,"type":"if","locations":[{"start":{"line":16,"column":8},"end":{"line":16,"column":8}},{"start":{"line":16,"column":8},"end":{"line":16,"column":8}}]},"3":{"line":39,"type":"if","locations":[{"start":{"line":39,"column":8},"end":{"line":39,"column":8}},{"start":{"line":39,"column":8},"end":{"line":39,"column":8}}]},"4":{"line":40,"type":"if","locations":[{"start":{"line":40,"column":8},"end":{"line":40,"column":8}},{"start":{"line":40,"column":8},"end":{"line":40,"column":8}}]},"5":{"line":46,"type":"if","locations":[{"start":{"line":46,"column":8},"end":{"line":46,"column":8}},{"start":{"line":46,"column":8},"end":{"line":46,"column":8}}]},"6":{"line":47,"type":"if","locations":[{"start":{"line":47,"column":8},"end":{"line":47,"column":8}},{"start":{"line":47,"column":8},"end":{"line":47,"column":8}}]},"7":{"line":56,"type":"if","locations":[{"start":{"line":56,"column":8},"end":{"line":56,"column":8}},{"start":{"line":56,"column":8},"end":{"line":56,"column":8}}]},"8":{"line":57,"type":"if","locations":[{"start":{"line":57,"column":8},"end":{"line":57,"column":8}},{"start":{"line":57,"column":8},"end":{"line":57,"column":8}}]},"9":{"line":65,"type":"if","locations":[{"start":{"line":65,"column":8},"end":{"line":65,"column":8}},{"start":{"line":65,"column":8},"end":{"line":65,"column":8}}]},"10":{"line":76,"type":"if","locations":[{"start":{"line":76,"column":8},"end":{"line":76,"column":8}},{"start":{"line":76,"column":8},"end":{"line":76,"column":8}}]}}},"contracts/polydex/libraries/SafeMath.sol":{"l":{"9":0,"13":0,"17":0},"path":"/home/samarth/1 CRyption Network/polydex-contracts/contracts/polydex/libraries/SafeMath.sol","s":{"1":0,"2":0,"3":0},"b":{"1":[0,0],"2":[0,0],"3":[0,0]},"f":{"1":0,"2":0,"3":0},"fnMap":{"1":{"name":"add","line":8,"loc":{"start":{"line":8,"column":4},"end":{"line":10,"column":4}}},"2":{"name":"sub","line":12,"loc":{"start":{"line":12,"column":4},"end":{"line":14,"column":4}}},"3":{"name":"mul","line":16,"loc":{"start":{"line":16,"column":4},"end":{"line":18,"column":4}}}},"statementMap":{"1":{"start":{"line":9,"column":8},"end":{"line":9,"column":56}},"2":{"start":{"line":13,"column":8},"end":{"line":13,"column":57}},"3":{"start":{"line":17,"column":8},"end":{"line":17,"column":70}}},"branchMap":{"1":{"line":9,"type":"if","locations":[{"start":{"line":9,"column":8},"end":{"line":9,"column":8}},{"start":{"line":9,"column":8},"end":{"line":9,"column":8}}]},"2":{"line":13,"type":"if","locations":[{"start":{"line":13,"column":8},"end":{"line":13,"column":8}},{"start":{"line":13,"column":8},"end":{"line":13,"column":8}}]},"3":{"line":17,"type":"if","locations":[{"start":{"line":17,"column":8},"end":{"line":17,"column":8}},{"start":{"line":17,"column":8},"end":{"line":17,"column":8}}]}}},"contracts/polydex/libraries/TransferHelper.sol":{"l":{"9":0,"10":0,"15":0,"16":0,"21":0,"22":0,"26":0,"27":0},"path":"/home/samarth/1 CRyption Network/polydex-contracts/contracts/polydex/libraries/TransferHelper.sol","s":{"1":0,"2":0,"3":0,"4":0,"5":0,"6":0,"7":0,"8":0},"b":{"1":[0,0],"2":[0,0],"3":[0,0],"4":[0,0]},"f":{"1":0,"2":0,"3":0,"4":0},"fnMap":{"1":{"name":"safeApprove","line":7,"loc":{"start":{"line":7,"column":4},"end":{"line":11,"column":4}}},"2":{"name":"safeTransfer","line":13,"loc":{"start":{"line":13,"column":4},"end":{"line":17,"column":4}}},"3":{"name":"safeTransferFrom","line":19,"loc":{"start":{"line":19,"column":4},"end":{"line":23,"column":4}}},"4":{"name":"safeTransferETH","line":25,"loc":{"start":{"line":25,"column":4},"end":{"line":28,"column":4}}}},"statementMap":{"1":{"start":{"line":9,"column":8},"end":{"line":9,"column":101}},"2":{"start":{"line":10,"column":8},"end":{"line":10,"column":107}},"3":{"start":{"line":15,"column":8},"end":{"line":15,"column":101}},"4":{"start":{"line":16,"column":8},"end":{"line":16,"column":108}},"5":{"start":{"line":21,"column":8},"end":{"line":21,"column":107}},"6":{"start":{"line":22,"column":8},"end":{"line":22,"column":113}},"7":{"start":{"line":26,"column":8},"end":{"line":26,"column":60}},"8":{"start":{"line":27,"column":8},"end":{"line":27,"column":62}}},"branchMap":{"1":{"line":10,"type":"if","locations":[{"start":{"line":10,"column":8},"end":{"line":10,"column":8}},{"start":{"line":10,"column":8},"end":{"line":10,"column":8}}]},"2":{"line":16,"type":"if","locations":[{"start":{"line":16,"column":8},"end":{"line":16,"column":8}},{"start":{"line":16,"column":8},"end":{"line":16,"column":8}}]},"3":{"line":22,"type":"if","locations":[{"start":{"line":22,"column":8},"end":{"line":22,"column":8}},{"start":{"line":22,"column":8},"end":{"line":22,"column":8}}]},"4":{"line":27,"type":"if","locations":[{"start":{"line":27,"column":8},"end":{"line":27,"column":8}},{"start":{"line":27,"column":8},"end":{"line":27,"column":8}}]}}},"contracts/polydex/libraries/UQ112x112.sol":{"l":{"15":0,"20":0},"path":"/home/samarth/1 CRyption Network/polydex-contracts/contracts/polydex/libraries/UQ112x112.sol","s":{"1":0,"2":0},"b":{},"f":{"1":0,"2":0},"fnMap":{"1":{"name":"encode","line":14,"loc":{"start":{"line":14,"column":4},"end":{"line":16,"column":4}}},"2":{"name":"uqdiv","line":19,"loc":{"start":{"line":19,"column":4},"end":{"line":21,"column":4}}}},"statementMap":{"1":{"start":{"line":15,"column":8},"end":{"line":15,"column":28}},"2":{"start":{"line":20,"column":8},"end":{"line":20,"column":25}}},"branchMap":{}},"contracts/polydex/PolydexERC20.sol":{"l":{"26":0,"27":0,"30":0,"42":0,"43":0,"44":0,"48":0,"49":0,"50":0,"54":0,"55":0,"59":0,"60":0,"61":0,"65":0,"66":0,"70":0,"71":0,"75":0,"76":0,"78":0,"79":0,"83":0,"84":0,"91":0,"92":0,"93":0},"path":"/home/samarth/1 CRyption Network/polydex-contracts/contracts/polydex/PolydexERC20.sol","s":{"1":0,"2":0,"3":0,"4":0,"5":0,"6":0,"7":0,"8":0,"9":0,"10":0,"11":0,"12":0,"13":0,"14":0,"15":0,"16":0,"17":0,"18":0,"19":0,"20":0,"21":0,"22":0,"23":0,"24":0,"25":0,"26":0},"b":{"1":[0,0],"2":[0,0],"3":[0,0]},"f":{"1":0,"2":0,"3":0,"4":0,"5":0,"6":0,"7":0,"8":0,"9":0},"fnMap":{"1":{"name":"constructor","line":25,"loc":{"start":{"line":25,"column":4},"end":{"line":39,"column":4}}},"2":{"name":"_mint","line":41,"loc":{"start":{"line":41,"column":4},"end":{"line":45,"column":4}}},"3":{"name":"_burn","line":47,"loc":{"start":{"line":47,"column":4},"end":{"line":51,"column":4}}},"4":{"name":"_approve","line":53,"loc":{"start":{"line":53,"column":4},"end":{"line":56,"column":4}}},"5":{"name":"_transfer","line":58,"loc":{"start":{"line":58,"column":4},"end":{"line":62,"column":4}}},"6":{"name":"approve","line":64,"loc":{"start":{"line":64,"column":4},"end":{"line":67,"column":4}}},"7":{"name":"transfer","line":69,"loc":{"start":{"line":69,"column":4},"end":{"line":72,"column":4}}},"8":{"name":"transferFrom","line":74,"loc":{"start":{"line":74,"column":4},"end":{"line":80,"column":4}}},"9":{"name":"permit","line":82,"loc":{"start":{"line":82,"column":4},"end":{"line":94,"column":4}}}},"statementMap":{"1":{"start":{"line":26,"column":8},"end":{"line":26,"column":20}},"2":{"start":{"line":30,"column":8},"end":{"line":30,"column":1021}},"3":{"start":{"line":42,"column":8},"end":{"line":42,"column":43}},"4":{"start":{"line":43,"column":8},"end":{"line":43,"column":47}},"5":{"start":{"line":44,"column":8},"end":{"line":44,"column":44}},"6":{"start":{"line":48,"column":8},"end":{"line":48,"column":51}},"7":{"start":{"line":49,"column":8},"end":{"line":49,"column":43}},"8":{"start":{"line":50,"column":8},"end":{"line":50,"column":46}},"9":{"start":{"line":54,"column":8},"end":{"line":54,"column":40}},"10":{"start":{"line":55,"column":8},"end":{"line":55,"column":44}},"11":{"start":{"line":59,"column":8},"end":{"line":59,"column":51}},"12":{"start":{"line":60,"column":8},"end":{"line":60,"column":47}},"13":{"start":{"line":61,"column":8},"end":{"line":61,"column":38}},"14":{"start":{"line":65,"column":8},"end":{"line":65,"column":43}},"15":{"start":{"line":66,"column":8},"end":{"line":66,"column":19}},"16":{"start":{"line":70,"column":8},"end":{"line":70,"column":39}},"17":{"start":{"line":71,"column":8},"end":{"line":71,"column":19}},"18":{"start":{"line":75,"column":8},"end":{"line":75,"column":2552}},"19":{"start":{"line":76,"column":12},"end":{"line":76,"column":79}},"20":{"start":{"line":78,"column":8},"end":{"line":78,"column":33}},"21":{"start":{"line":79,"column":8},"end":{"line":79,"column":19}},"22":{"start":{"line":83,"column":8},"end":{"line":83,"column":63}},"23":{"start":{"line":84,"column":8},"end":{"line":84,"column":2951}},"24":{"start":{"line":91,"column":8},"end":{"line":91,"column":61}},"25":{"start":{"line":92,"column":8},"end":{"line":92,"column":105}},"26":{"start":{"line":93,"column":8},"end":{"line":93,"column":38}}},"branchMap":{"1":{"line":75,"type":"if","locations":[{"start":{"line":75,"column":8},"end":{"line":75,"column":8}},{"start":{"line":75,"column":8},"end":{"line":75,"column":8}}]},"2":{"line":83,"type":"if","locations":[{"start":{"line":83,"column":8},"end":{"line":83,"column":8}},{"start":{"line":83,"column":8},"end":{"line":83,"column":8}}]},"3":{"line":92,"type":"if","locations":[{"start":{"line":92,"column":8},"end":{"line":92,"column":8}},{"start":{"line":92,"column":8},"end":{"line":92,"column":8}}]}}},"contracts/polydex/PolydexFactory.sol":{"l":{"17":0,"21":0,"25":0,"29":0,"30":0,"31":0,"32":0,"33":0,"34":0,"35":0,"38":0,"39":0,"40":0,"41":0,"42":0,"46":0,"47":0,"51":0,"52":0,"56":0,"57":0},"path":"/home/samarth/1 CRyption Network/polydex-contracts/contracts/polydex/PolydexFactory.sol","s":{"1":0,"2":0,"3":0,"4":0,"5":0,"6":0,"7":0,"8":0,"9":0,"10":0,"11":0,"12":0,"13":0,"14":0,"15":0,"16":0,"17":0,"18":0,"19":0,"20":0},"b":{"1":[0,0],"2":[0,0],"3":[0,0],"4":[0,0],"5":[0,0],"6":[0,0]},"f":{"1":0,"2":0,"3":0,"4":0,"5":0,"6":0,"7":0},"fnMap":{"1":{"name":"constructor","line":16,"loc":{"start":{"line":16,"column":4},"end":{"line":18,"column":4}}},"2":{"name":"allPairsLength","line":20,"loc":{"start":{"line":20,"column":4},"end":{"line":22,"column":4}}},"3":{"name":"pairCodeHash","line":24,"loc":{"start":{"line":24,"column":4},"end":{"line":26,"column":4}}},"4":{"name":"createPair","line":28,"loc":{"start":{"line":28,"column":4},"end":{"line":43,"column":4}}},"5":{"name":"setFeeTo","line":45,"loc":{"start":{"line":45,"column":4},"end":{"line":48,"column":4}}},"6":{"name":"setMigrator","line":50,"loc":{"start":{"line":50,"column":4},"end":{"line":53,"column":4}}},"7":{"name":"setFeeToSetter","line":55,"loc":{"start":{"line":55,"column":4},"end":{"line":58,"column":4}}}},"statementMap":{"1":{"start":{"line":17,"column":8},"end":{"line":17,"column":33}},"2":{"start":{"line":21,"column":8},"end":{"line":21,"column":30}},"3":{"start":{"line":25,"column":8},"end":{"line":25,"column":56}},"4":{"start":{"line":29,"column":8},"end":{"line":29,"column":64}},"5":{"start":{"line":30,"column":8},"end":{"line":30,"column":96}},"6":{"start":{"line":31,"column":8},"end":{"line":31,"column":61}},"7":{"start":{"line":32,"column":8},"end":{"line":32,"column":77}},"8":{"start":{"line":33,"column":8},"end":{"line":33,"column":62}},"9":{"start":{"line":34,"column":8},"end":{"line":34,"column":66}},"10":{"start":{"line":38,"column":8},"end":{"line":38,"column":51}},"11":{"start":{"line":39,"column":8},"end":{"line":39,"column":37}},"12":{"start":{"line":40,"column":8},"end":{"line":40,"column":37}},"13":{"start":{"line":41,"column":8},"end":{"line":41,"column":26}},"14":{"start":{"line":42,"column":8},"end":{"line":42,"column":63}},"15":{"start":{"line":46,"column":8},"end":{"line":46,"column":63}},"16":{"start":{"line":47,"column":8},"end":{"line":47,"column":21}},"17":{"start":{"line":51,"column":8},"end":{"line":51,"column":63}},"18":{"start":{"line":52,"column":8},"end":{"line":52,"column":27}},"19":{"start":{"line":56,"column":8},"end":{"line":56,"column":63}},"20":{"start":{"line":57,"column":8},"end":{"line":57,"column":33}}},"branchMap":{"1":{"line":29,"type":"if","locations":[{"start":{"line":29,"column":8},"end":{"line":29,"column":8}},{"start":{"line":29,"column":8},"end":{"line":29,"column":8}}]},"2":{"line":31,"type":"if","locations":[{"start":{"line":31,"column":8},"end":{"line":31,"column":8}},{"start":{"line":31,"column":8},"end":{"line":31,"column":8}}]},"3":{"line":32,"type":"if","locations":[{"start":{"line":32,"column":8},"end":{"line":32,"column":8}},{"start":{"line":32,"column":8},"end":{"line":32,"column":8}}]},"4":{"line":46,"type":"if","locations":[{"start":{"line":46,"column":8},"end":{"line":46,"column":8}},{"start":{"line":46,"column":8},"end":{"line":46,"column":8}}]},"5":{"line":51,"type":"if","locations":[{"start":{"line":51,"column":8},"end":{"line":51,"column":8}},{"start":{"line":51,"column":8},"end":{"line":51,"column":8}}]},"6":{"line":56,"type":"if","locations":[{"start":{"line":56,"column":8},"end":{"line":56,"column":8}},{"start":{"line":56,"column":8},"end":{"line":56,"column":8}}]}}},"contracts/polydex/PolydexPair.sol":{"l":{"39":0,"40":0,"41":0,"42":0,"46":0,"47":0,"48":0,"52":0,"53":0,"69":0,"74":0,"75":0,"76":0,"81":0,"82":0,"83":0,"84":0,"86":0,"87":0,"89":0,"90":0,"91":0,"92":0,"97":0,"98":0,"99":0,"100":0,"101":0,"102":0,"103":0,"104":0,"105":0,"106":0,"107":0,"108":0,"112":0,"118":0,"119":0,"120":0,"121":0,"122":0,"124":0,"125":0,"126":0,"127":0,"128":0,"129":0,"130":0,"132":0,"133":0,"134":0,"137":0,"139":0,"140":0,"142":0,"143":0,"144":0,"149":0,"150":0,"151":0,"152":0,"153":0,"154":0,"156":0,"157":0,"158":0,"159":0,"160":0,"161":0,"162":0,"163":0,"164":0,"165":0,"167":0,"168":0,"169":0,"174":0,"175":0,"176":0,"178":0,"179":0,"180":0,"181":0,"182":0,"183":0,"184":0,"185":0,"186":0,"187":0,"188":0,"190":0,"191":0,"192":0,"193":0,"194":0,"195":0,"196":0,"199":0,"200":0,"205":0,"206":0,"207":0,"208":0,"213":0},"path":"/home/samarth/1 CRyption Network/polydex-contracts/contracts/polydex/PolydexPair.sol","s":{"1":0,"2":0,"3":0,"4":0,"5":0,"6":0,"7":0,"8":0,"9":0,"10":0,"11":0,"12":0,"13":0,"14":0,"15":0,"16":0,"17":0,"18":0,"19":0,"20":0,"21":0,"22":0,"23":0,"24":0,"25":0,"26":0,"27":0,"28":0,"29":0,"30":0,"31":0,"32":0,"33":0,"34":0,"35":0,"36":0,"37":0,"38":0,"39":0,"40":0,"41":0,"42":0,"43":0,"44":0,"45":0,"46":0,"47":0,"48":0,"49":0,"50":0,"51":0,"52":0,"53":0,"54":0,"55":0,"56":0,"57":0,"58":0,"59":0,"60":0,"61":0,"62":0,"63":0,"64":0,"65":0,"66":0,"67":0,"68":0,"69":0,"70":0,"71":0,"72":0,"73":0,"74":0,"75":0,"76":0,"77":0,"78":0,"79":0,"80":0,"81":0,"82":0,"83":0,"84":0,"85":0,"86":0,"87":0,"88":0,"89":0,"90":0,"91":0,"92":0,"93":0,"94":0,"95":0,"96":0,"97":0,"98":0,"99":0,"100":0,"101":0,"102":0,"103":0,"104":0,"105":0,"106":0,"107":0,"108":0},"b":{"1":[0,0],"2":[0,0],"3":[0,0],"4":[0,0],"5":[0,0],"6":[0,0],"7":[0,0],"8":[0,0],"9":[0,0],"10":[0,0],"11":[0,0],"12":[0,0],"13":[0,0],"14":[0,0],"15":[0,0],"16":[0,0],"17":[0,0],"18":[0,0],"19":[0,0],"20":[0,0],"21":[0,0],"22":[0,0],"23":[0,0],"24":[0,0],"25":[0,0],"26":[0,0]},"f":{"1":0,"2":0,"3":0,"4":0,"5":0,"6":0,"7":0,"8":0,"9":0,"10":0,"11":0,"12":0},"fnMap":{"1":{"name":"lock","line":38,"loc":{"start":{"line":38,"column":4},"end":{"line":43,"column":4}}},"2":{"name":"getReserves","line":45,"loc":{"start":{"line":45,"column":4},"end":{"line":49,"column":4}}},"3":{"name":"_safeTransfer","line":51,"loc":{"start":{"line":51,"column":4},"end":{"line":54,"column":4}}},"4":{"name":"constructor","line":68,"loc":{"start":{"line":68,"column":4},"end":{"line":70,"column":4}}},"5":{"name":"initialize","line":73,"loc":{"start":{"line":73,"column":4},"end":{"line":77,"column":4}}},"6":{"name":"_update","line":80,"loc":{"start":{"line":80,"column":4},"end":{"line":93,"column":4}}},"7":{"name":"_mintFee","line":96,"loc":{"start":{"line":96,"column":4},"end":{"line":114,"column":4}}},"8":{"name":"mint","line":117,"loc":{"start":{"line":117,"column":4},"end":{"line":145,"column":4}}},"9":{"name":"burn","line":148,"loc":{"start":{"line":148,"column":4},"end":{"line":170,"column":4}}},"10":{"name":"swap","line":173,"loc":{"start":{"line":173,"column":4},"end":{"line":201,"column":4}}},"11":{"name":"skim","line":204,"loc":{"start":{"line":204,"column":4},"end":{"line":209,"column":4}}},"12":{"name":"sync","line":212,"loc":{"start":{"line":212,"column":4},"end":{"line":214,"column":4}}}},"statementMap":{"1":{"start":{"line":39,"column":8},"end":{"line":39,"column":48}},"2":{"start":{"line":40,"column":8},"end":{"line":40,"column":19}},"3":{"start":{"line":42,"column":8},"end":{"line":42,"column":19}},"4":{"start":{"line":46,"column":8},"end":{"line":46,"column":27}},"5":{"start":{"line":47,"column":8},"end":{"line":47,"column":27}},"6":{"start":{"line":48,"column":8},"end":{"line":48,"column":47}},"7":{"start":{"line":52,"column":8},"end":{"line":52,"column":99}},"8":{"start":{"line":53,"column":8},"end":{"line":53,"column":101}},"9":{"start":{"line":69,"column":8},"end":{"line":69,"column":27}},"10":{"start":{"line":74,"column":8},"end":{"line":74,"column":59}},"11":{"start":{"line":75,"column":8},"end":{"line":75,"column":23}},"12":{"start":{"line":76,"column":8},"end":{"line":76,"column":23}},"13":{"start":{"line":81,"column":8},"end":{"line":81,"column":87}},"14":{"start":{"line":82,"column":8},"end":{"line":82,"column":63}},"15":{"start":{"line":83,"column":8},"end":{"line":83,"column":64}},"16":{"start":{"line":84,"column":8},"end":{"line":84,"column":3086}},"17":{"start":{"line":86,"column":12},"end":{"line":86,"column":99}},"18":{"start":{"line":87,"column":12},"end":{"line":87,"column":99}},"19":{"start":{"line":89,"column":8},"end":{"line":89,"column":35}},"20":{"start":{"line":90,"column":8},"end":{"line":90,"column":35}},"21":{"start":{"line":91,"column":8},"end":{"line":91,"column":42}},"22":{"start":{"line":92,"column":8},"end":{"line":92,"column":37}},"23":{"start":{"line":97,"column":8},"end":{"line":97,"column":56}},"24":{"start":{"line":98,"column":8},"end":{"line":98,"column":34}},"25":{"start":{"line":99,"column":8},"end":{"line":99,"column":27}},"26":{"start":{"line":100,"column":8},"end":{"line":100,"column":3905}},"27":{"start":{"line":101,"column":12},"end":{"line":101,"column":3934}},"28":{"start":{"line":102,"column":16},"end":{"line":102,"column":70}},"29":{"start":{"line":103,"column":16},"end":{"line":103,"column":50}},"30":{"start":{"line":104,"column":16},"end":{"line":104,"column":4097}},"31":{"start":{"line":105,"column":20},"end":{"line":105,"column":74}},"32":{"start":{"line":106,"column":20},"end":{"line":106,"column":66}},"33":{"start":{"line":107,"column":20},"end":{"line":107,"column":60}},"34":{"start":{"line":108,"column":20},"end":{"line":108,"column":62}},"35":{"start":{"line":108,"column":39},"end":{"line":108,"column":61}},"36":{"start":{"line":111,"column":15},"end":{"line":111,"column":4431}},"37":{"start":{"line":112,"column":12},"end":{"line":112,"column":20}},"38":{"start":{"line":118,"column":8},"end":{"line":118,"column":63}},"39":{"start":{"line":119,"column":8},"end":{"line":119,"column":70}},"40":{"start":{"line":120,"column":8},"end":{"line":120,"column":70}},"41":{"start":{"line":121,"column":8},"end":{"line":121,"column":46}},"42":{"start":{"line":122,"column":8},"end":{"line":122,"column":46}},"43":{"start":{"line":124,"column":8},"end":{"line":124,"column":51}},"44":{"start":{"line":125,"column":8},"end":{"line":125,"column":39}},"45":{"start":{"line":126,"column":8},"end":{"line":126,"column":5165}},"46":{"start":{"line":127,"column":12},"end":{"line":127,"column":66}},"47":{"start":{"line":128,"column":12},"end":{"line":128,"column":5274}},"48":{"start":{"line":129,"column":16},"end":{"line":129,"column":65}},"49":{"start":{"line":130,"column":16},"end":{"line":130,"column":90}},"50":{"start":{"line":132,"column":16},"end":{"line":132,"column":72}},"51":{"start":{"line":133,"column":16},"end":{"line":133,"column":81}},"52":{"start":{"line":134,"column":16},"end":{"line":134,"column":51}},"53":{"start":{"line":137,"column":12},"end":{"line":137,"column":109}},"54":{"start":{"line":139,"column":8},"end":{"line":139,"column":71}},"55":{"start":{"line":140,"column":8},"end":{"line":140,"column":27}},"56":{"start":{"line":142,"column":8},"end":{"line":142,"column":56}},"57":{"start":{"line":143,"column":8},"end":{"line":143,"column":55}},"58":{"start":{"line":143,"column":19},"end":{"line":143,"column":54}},"59":{"start":{"line":144,"column":8},"end":{"line":144,"column":47}},"60":{"start":{"line":149,"column":8},"end":{"line":149,"column":63}},"61":{"start":{"line":150,"column":8},"end":{"line":150,"column":32}},"62":{"start":{"line":151,"column":8},"end":{"line":151,"column":32}},"63":{"start":{"line":152,"column":8},"end":{"line":152,"column":71}},"64":{"start":{"line":153,"column":8},"end":{"line":153,"column":71}},"65":{"start":{"line":154,"column":8},"end":{"line":154,"column":49}},"66":{"start":{"line":156,"column":8},"end":{"line":156,"column":51}},"67":{"start":{"line":157,"column":8},"end":{"line":157,"column":39}},"68":{"start":{"line":158,"column":8},"end":{"line":158,"column":55}},"69":{"start":{"line":159,"column":8},"end":{"line":159,"column":55}},"70":{"start":{"line":160,"column":8},"end":{"line":160,"column":84}},"71":{"start":{"line":161,"column":8},"end":{"line":161,"column":38}},"72":{"start":{"line":162,"column":8},"end":{"line":162,"column":42}},"73":{"start":{"line":163,"column":8},"end":{"line":163,"column":42}},"74":{"start":{"line":164,"column":8},"end":{"line":164,"column":65}},"75":{"start":{"line":165,"column":8},"end":{"line":165,"column":65}},"76":{"start":{"line":167,"column":8},"end":{"line":167,"column":56}},"77":{"start":{"line":168,"column":8},"end":{"line":168,"column":55}},"78":{"start":{"line":168,"column":19},"end":{"line":168,"column":54}},"79":{"start":{"line":169,"column":8},"end":{"line":169,"column":51}},"80":{"start":{"line":174,"column":8},"end":{"line":174,"column":87}},"81":{"start":{"line":175,"column":8},"end":{"line":175,"column":63}},"82":{"start":{"line":176,"column":8},"end":{"line":176,"column":99}},"83":{"start":{"line":178,"column":8},"end":{"line":178,"column":21}},"84":{"start":{"line":179,"column":8},"end":{"line":179,"column":21}},"85":{"start":{"line":181,"column":8},"end":{"line":181,"column":32}},"86":{"start":{"line":182,"column":8},"end":{"line":182,"column":32}},"87":{"start":{"line":183,"column":8},"end":{"line":183,"column":69}},"88":{"start":{"line":184,"column":8},"end":{"line":184,"column":66}},"89":{"start":{"line":184,"column":28},"end":{"line":184,"column":65}},"90":{"start":{"line":185,"column":8},"end":{"line":185,"column":66}},"91":{"start":{"line":185,"column":28},"end":{"line":185,"column":65}},"92":{"start":{"line":186,"column":8},"end":{"line":186,"column":101}},"93":{"start":{"line":186,"column":29},"end":{"line":186,"column":100}},"94":{"start":{"line":187,"column":8},"end":{"line":187,"column":65}},"95":{"start":{"line":188,"column":8},"end":{"line":188,"column":65}},"96":{"start":{"line":190,"column":8},"end":{"line":190,"column":100}},"97":{"start":{"line":191,"column":8},"end":{"line":191,"column":100}},"98":{"start":
[...]
":316,"column":8},"end":{"line":316,"column":8}},{"start":{"line":316,"column":8},"end":{"line":316,"column":8}}]},"19":{"line":318,"type":"if","locations":[{"start":{"line":318,"column":8},"end":{"line":318,"column":8}},{"start":{"line":318,"column":8},"end":{"line":318,"column":8}}]},"20":{"line":323,"type":"if","locations":[{"start":{"line":323,"column":8},"end":{"line":323,"column":8}},{"start":{"line":323,"column":8},"end":{"line":323,"column":8}}]},"21":{"line":358,"type":"if","locations":[{"start":{"line":358,"column":8},"end":{"line":358,"column":8}},{"start":{"line":358,"column":8},"end":{"line":358,"column":8}}]},"22":{"line":375,"type":"if","locations":[{"start":{"line":375,"column":8},"end":{"line":375,"column":8}},{"start":{"line":375,"column":8},"end":{"line":375,"column":8}}]},"23":{"line":381,"type":"if","locations":[{"start":{"line":381,"column":8},"end":{"line":381,"column":8}},{"start":{"line":381,"column":8},"end":{"line":381,"column":8}}]},"24":{"line":398,"type":"if","locations":[{"start":{"line":398,"column":8},"end":{"line":398,"column":8}},{"start":{"line":398,"column":8},"end":{"line":398,"column":8}}]},"25":{"line":404,"type":"if","locations":[{"start":{"line":404,"column":8},"end":{"line":404,"column":8}},{"start":{"line":404,"column":8},"end":{"line":404,"column":8}}]}}},"contracts/StakingPool.sol":{"l":{"74":12,"75":12,"84":38,"101":4,"105":4,"110":4,"117":4,"119":4,"121":4,"123":4,"125":4,"136":4,"137":4,"139":4,"153":5,"157":5,"158":5,"167":1,"168":1,"173":1,"182":1,"184":1,"191":1,"204":0,"205":0,"206":0,"207":0,"208":0,"210":0,"212":0,"214":0,"215":0,"217":0,"218":0,"223":0,"227":0,"232":8,"233":8,"238":0,"239":0,"246":9,"247":9,"248":0,"250":9,"252":9,"254":0,"256":9,"258":9,"259":4,"262":4,"264":5,"266":5,"267":5,"270":5,"280":4,"284":0,"288":4,"289":4,"290":4,"291":4,"292":4,"294":4,"295":4,"300":4,"303":4,"311":3,"315":1,"316":1,"320":1,"328":4,"329":4,"330":4,"331":4,"332":4,"335":4,"336":4,"337":4,"338":4,"340":4,"341":4,"346":0,"349":4,"356":0,"357":0,"358":0,"359":0,"360":0,"362":0,"364":0,"365":0,"370":1,"371":1,"375":0,"376":0,"384":0,"385":0,"394":8,"395":8,"396":4,"401":8,"403":8,"404":9,"406":9,"408":9,"409":9,"411":9,"415":9,"416":4,"417":4,"420":4,"425":4,"426":4,"431":4,"438":1,"441":1,"444":1,"447":9,"452":9,"456":0,"457":0,"461":0,"471":0,"472":0,"477":0,"484":0,"485":0,"498":4,"499":4,"500":0,"502":4},"path":"/home/samarth/1 CRyption Network/polydex-contracts/contracts/StakingPool.sol","s":{"1":12,"2":12,"3":38,"4":4,"5":4,"6":4,"7":4,"8":4,"9":4,"10":4,"11":4,"12":4,"13":4,"14":4,"15":5,"16":5,"17":5,"18":1,"19":1,"20":1,"21":1,"22":1,"23":1,"24":0,"25":0,"26":0,"27":0,"28":0,"29":0,"30":0,"31":0,"32":0,"33":0,"34":0,"35":0,"36":0,"37":8,"38":8,"39":0,"40":0,"41":9,"42":9,"43":0,"44":9,"45":9,"46":0,"47":9,"48":9,"49":4,"50":4,"51":5,"52":5,"53":5,"54":5,"55":4,"56":0,"57":4,"58":4,"59":4,"60":4,"61":4,"62":4,"63":4,"64":4,"65":3,"66":1,"67":1,"68":1,"69":4,"70":4,"71":4,"72":4,"73":4,"74":4,"75":4,"76":4,"77":4,"78":4,"79":0,"80":4,"81":0,"82":0,"83":0,"84":0,"85":0,"86":0,"87":0,"88":1,"89":1,"90":0,"91":0,"92":0,"93":0,"94":8,"95":8,"96":4,"97":8,"98":8,"99":9,"100":9,"101":9,"102":9,"103":9,"104":9,"105":4,"106":4,"107":4,"108":4,"109":4,"110":4,"111":5,"112":1,"113":1,"114":1,"115":9,"116":9,"117":0,"118":0,"119":0,"120":0,"121":0,"122":0,"123":0,"124":0,"125":4,"126":4,"127":0,"128":4},"b":{"1":[4,0],"2":[4,0],"3":[1,0],"4":[1,0],"5":[0,0],"6":[0,0],"7":[0,9],"8":[0,9],"9":[4,5],"10":[4,0],"11":[4,0],"12":[1,0],"13":[4,0],"14":[4,0],"15":[4,0],"16":[4,0],"17":[0,0],"18":[4,4],"19":[4,5],"20":[4,0],"21":[1,4],"22":[0,9],"23":[0,0],"24":[0,0],"25":[0,4]},"f":{"1":12,"2":38,"3":4,"4":5,"5":1,"6":0,"7":8,"8":0,"9":9,"10":4,"11":0,"12":4,"13":3,"14":1,"15":4,"16":0,"17":1,"18":0,"19":0,"20":8,"21":0,"22":0,"23":0,"24":4},"fnMap":{"1":{"name":"constructor","line":73,"loc":{"start":{"line":73,"column":4},"end":{"line":76,"column":4}}},"2":{"name":"_msgSender","line":78,"loc":{"start":{"line":78,"column":4},"end":{"line":85,"column":4}}},"3":{"name":"init","line":100,"loc":{"start":{"line":91,"column":4},"end":{"line":140,"column":4}}},"4":{"name":"getMultiplier","line":148,"loc":{"start":{"line":148,"column":4},"end":{"line":159,"column":4}}},"5":{"name":"addRewardToken","line":166,"loc":{"start":{"line":161,"column":4},"end":{"line":192,"column":4}}},"6":{"name":"pendingReward","line":199,"loc":{"start":{"line":199,"column":4},"end":{"line":228,"column":4}}},"7":{"name":"canHarvest","line":231,"loc":{"start":{"line":231,"column":4},"end":{"line":234,"column":4}}},"8":{"name":"getHarvestUntil","line":237,"loc":{"start":{"line":237,"column":4},"end":{"line":240,"column":4}}},"9":{"name":"updatePool","line":245,"loc":{"start":{"line":245,"column":4},"end":{"line":273,"column":4}}},"10":{"name":"deposit","line":279,"loc":{"start":{"line":279,"column":4},"end":{"line":281,"column":4}}},"11":{"name":"depositFor","line":283,"loc":{"start":{"line":283,"column":4},"end":{"line":285,"column":4}}},"12":{"name":"_deposit","line":287,"loc":{"start":{"line":287,"column":4},"end":{"line":304,"column":4}}},"13":{"name":"withdraw","line":310,"loc":{"start":{"line":310,"column":4},"end":{"line":312,"column":4}}},"14":{"name":"withdrawFor","line":314,"loc":{"start":{"line":314,"column":4},"end":{"line":321,"column":4}}},"15":{"name":"_withdraw","line":323,"loc":{"start":{"line":323,"column":4},"end":{"line":350,"column":4}}},"16":{"name":"emergencyWithdraw","line":355,"loc":{"start":{"line":355,"column":4},"end":{"line":367,"column":4}}},"17":{"name":"whitelistHandler","line":369,"loc":{"start":{"line":369,"column":4},"end":{"line":372,"column":4}}},"18":{"name":"removeWhitelistedHandler","line":374,"loc":{"start":{"line":374,"column":4},"end":{"line":377,"column":4}}},"19":{"name":"isUserWhiteListed","line":379,"loc":{"start":{"line":379,"column":4},"end":{"line":386,"column":4}}},"20":{"name":"payOrLockupPendingReward","line":388,"loc":{"start":{"line":388,"column":4},"end":{"line":467,"column":4}}},"21":{"name":"setFeeAddress","line":470,"loc":{"start":{"line":470,"column":4},"end":{"line":473,"column":4}}},"22":{"name":"updateEndBlock","line":476,"loc":{"start":{"line":476,"column":4},"end":{"line":478,"column":4}}},"23":{"name":"updateBlockReward","line":482,"loc":{"start":{"line":480,"column":4},"end":{"line":486,"column":4}}},"24":{"name":"_safeRewardTransfer","line":493,"loc":{"start":{"line":493,"column":4},"end":{"line":504,"column":4}}}},"statementMap":{"1":{"start":{"line":74,"column":8},"end":{"line":74,"column":39}},"2":{"start":{"line":75,"column":8},"end":{"line":75,"column":31}},"3":{"start":{"line":84,"column":8},"end":{"line":84,"column":39}},"4":{"start":{"line":101,"column":8},"end":{"line":101,"column":3376}},"5":{"start":{"line":105,"column":8},"end":{"line":105,"column":3515}},"6":{"start":{"line":110,"column":8},"end":{"line":110,"column":3646}},"7":{"start":{"line":117,"column":8},"end":{"line":117,"column":40}},"8":{"start":{"line":119,"column":8},"end":{"line":119,"column":3910}},"9":{"start":{"line":121,"column":8},"end":{"line":121,"column":40}},"10":{"start":{"line":123,"column":8},"end":{"line":123,"column":36}},"11":{"start":{"line":125,"column":8},"end":{"line":125,"column":4038}},"12":{"start":{"line":136,"column":8},"end":{"line":136,"column":50}},"13":{"start":{"line":137,"column":8},"end":{"line":137,"column":50}},"14":{"start":{"line":139,"column":8},"end":{"line":139,"column":55}},"15":{"start":{"line":153,"column":8},"end":{"line":153,"column":4985}},"16":{"start":{"line":157,"column":8},"end":{"line":157,"column":70}},"17":{"start":{"line":158,"column":8},"end":{"line":158,"column":50}},"18":{"start":{"line":167,"column":8},"end":{"line":167,"column":75}},"19":{"start":{"line":168,"column":8},"end":{"line":168,"column":5566}},"20":{"start":{"line":173,"column":8},"end":{"line":173,"column":5700}},"21":{"start":{"line":182,"column":8},"end":{"line":182,"column":55}},"22":{"start":{"line":184,"column":8},"end":{"line":184,"column":6010}},"23":{"start":{"line":191,"column":8},"end":{"line":191,"column":43}},"24":{"start":{"line":204,"column":8},"end":{"line":204,"column":47}},"25":{"start":{"line":205,"column":8},"end":{"line":205,"column":67}},"26":{"start":{"line":206,"column":8},"end":{"line":206,"column":64}},"27":{"start":{"line":207,"column":8},"end":{"line":207,"column":28}},"28":{"start":{"line":208,"column":8},"end":{"line":208,"column":6794}},"29":{"start":{"line":210,"column":12},"end":{"line":210,"column":44}},"30":{"start":{"line":212,"column":12},"end":{"line":212,"column":66}},"31":{"start":{"line":214,"column":8},"end":{"line":214,"column":7043}},"32":{"start":{"line":215,"column":12},"end":{"line":215,"column":7184}},"33":{"start":{"line":217,"column":12},"end":{"line":217,"column":72}},"34":{"start":{"line":218,"column":12},"end":{"line":218,"column":7305}},"35":{"start":{"line":223,"column":8},"end":{"line":223,"column":7435}},"36":{"start":{"line":227,"column":8},"end":{"line":227,"column":71}},"37":{"start":{"line":232,"column":8},"end":{"line":232,"column":47}},"38":{"start":{"line":233,"column":8},"end":{"line":233,"column":55}},"39":{"start":{"line":238,"column":8},"end":{"line":238,"column":47}},"40":{"start":{"line":239,"column":8},"end":{"line":239,"column":36}},"41":{"start":{"line":246,"column":8},"end":{"line":246,"column":68}},"42":{"start":{"line":247,"column":8},"end":{"line":247,"column":8354}},"43":{"start":{"line":248,"column":12},"end":{"line":248,"column":18}},"44":{"start":{"line":250,"column":8},"end":{"line":250,"column":28}},"45":{"start":{"line":252,"column":8},"end":{"line":252,"column":8473}},"46":{"start":{"line":254,"column":12},"end":{"line":254,"column":44}},"47":{"start":{"line":256,"column":12},"end":{"line":256,"column":66}},"48":{"start":{"line":258,"column":8},"end":{"line":258,"column":8722}},"49":{"start":{"line":259,"column":12},"end":{"line":259,"column":8781}},"50":{"start":{"line":262,"column":12},"end":{"line":262,"column":18}},"51":{"start":{"line":264,"column":8},"end":{"line":264,"column":8982}},"52":{"start":{"line":266,"column":8},"end":{"line":266,"column":68}},"53":{"start":{"line":267,"column":8},"end":{"line":267,"column":9091}},"54":{"start":{"line":270,"column":8},"end":{"line":270,"column":9245}},"55":{"start":{"line":280,"column":8},"end":{"line":280,"column":38}},"56":{"start":{"line":284,"column":8},"end":{"line":284,"column":31}},"57":{"start":{"line":288,"column":8},"end":{"line":288,"column":47}},"58":{"start":{"line":289,"column":8},"end":{"line":289,"column":45}},"59":{"start":{"line":290,"column":8},"end":{"line":290,"column":60}},"60":{"start":{"line":291,"column":8},"end":{"line":291,"column":9907}},"61":{"start":{"line":294,"column":8},"end":{"line":294,"column":9999}},"62":{"start":{"line":295,"column":12},"end":{"line":295,"column":10034}},"63":{"start":{"line":300,"column":12},"end":{"line":300,"column":49}},"64":{"start":{"line":303,"column":8},"end":{"line":303,"column":36}},"65":{"start":{"line":311,"column":8},"end":{"line":311,"column":53}},"66":{"start":{"line":315,"column":8},"end":{"line":315,"column":47}},"67":{"start":{"line":316,"column":8},"end":{"line":316,"column":10646}},"68":{"start":{"line":320,"column":8},"end":{"line":320,"column":46}},"69":{"start":{"line":328,"column":8},"end":{"line":328,"column":47}},"70":{"start":{"line":329,"column":8},"end":{"line":329,"column":54}},"71":{"start":{"line":330,"column":8},"end":{"line":330,"column":67}},"72":{"start":{"line":331,"column":8},"end":{"line":331,"column":11125}},"73":{"start":{"line":335,"column":8},"end":{"line":335,"column":11224}},"74":{"start":{"line":336,"column":12},"end":{"line":336,"column":49}},"75":{"start":{"line":337,"column":12},"end":{"line":337,"column":11311}},"76":{"start":{"line":338,"column":16},"end":{"line":338,"column":11419}},"77":{"start":{"line":340,"column":16},"end":{"line":340,"column":74}},"78":{"start":{"line":341,"column":16},"end":{"line":341,"column":11554}},"79":{"start":{"line":346,"column":16},"end":{"line":346,"column":78}},"80":{"start":{"line":349,"column":8},"end":{"line":349,"column":37}},"81":{"start":{"line":356,"column":8},"end":{"line":356,"column":54}},"82":{"start":{"line":357,"column":8},"end":{"line":357,"column":75}},"83":{"start":{"line":358,"column":8},"end":{"line":358,"column":57}},"84":{"start":{"line":359,"column":8},"end":{"line":359,"column":12240}},"85":{"start":{"line":362,"column":8},"end":{"line":362,"column":22}},"86":{"start":{"line":364,"column":8},"end":{"line":364,"column":12342}},"87":{"start":{"line":365,"column":12},"end":{"line":365,"column":57}},"88":{"start":{"line":370,"column":8},"end":{"line":370,"column":54}},"89":{"start":{"line":371,"column":8},"end":{"line":371,"column":48}},"90":{"start":{"line":375,"column":8},"end":{"line":375,"column":54}},"91":{"start":{"line":376,"column":8},"end":{"line":376,"column":49}},"92":{"start":{"line":384,"column":8},"end":{"line":384,"column":48}},"93":{"start":{"line":385,"column":8},"end":{"line":385,"column":46}},"94":{"start":{"line":394,"column":8},"end":{"line":394,"column":47}},"95":{"start":{"line":395,"column":8},"end":{"line":395,"column":13267}},"96":{"start":{"line":396,"column":12},"end":{"line":396,"column":13317}},"97":{"start":{"line":401,"column":8},"end":{"line":401,"column":47}},"98":{"start":{"line":403,"column":8},"end":{"line":403,"column":13483}},"99":{"start":{"line":404,"column":12},"end":{"line":404,"column":57}},"100":{"start":{"line":406,"column":12},"end":{"line":406,"column":24}},"101":{"start":{"line":408,"column":12},"end":{"line":408,"column":76}},"102":{"start":{"line":409,"column":12},"end":{"line":409,"column":13762}},"103":{"start":{"line":411,"column":12},"end":{"line":411,"column":13822}},"104":{"start":{"line":415,"column":12},"end":{"line":415,"column":13978}},"105":{"start":{"line":416,"column":16},"end":{"line":416,"column":14020}},"106":{"start":{"line":417,"column":20},"end":{"line":417,"column":74}},"107":{"start":{"line":420,"column":20},"end":{"line":420,"column":14202}},"108":{"start":{"line":425,"column":20},"end":{"line":425,"column":66}},"109":{"start":{"line":426,"column":20},"end":{"line":426,"column":14500}},"110":{"start":{"line":431,"column":20},"end":{"line":431,"column":14674}},"111":{"start":{"line":437,"column":19},"end":{"line":437,"column":14869}},"112":{"start":{"line":438,"column":16},"end":{"line":438,"column":14924}},"113":{"start":{"line":441,"column":16},"end":{"line":441,"column":15130}},"114":{"start":{"line":444,"column":16},"end":{"line":444,"column":51}},"115":{"start":{"line":447,"column":12},"end":{"line":447,"column":15303}},"116":{"start":{"line":452,"column":12},"end":{"line":452,"column":15453}},"117":{"start":{"line":456,"column":16},"end":{"line":456,"column":15605}},"118":{"start":{"line":457,"column":20},"end":{"line":457,"column":15652}},"119":{"start":{"line":461,"column":20},"end":{"line":461,"column":15805}},"120":{"start":{"line":471,"column":8},"end":{"line":471,"column":75}},"121":{"start":{"line":472,"column":8},"end":{"line":472,"column":31}},"122":{"start":{"line":477,"column":8},"end":{"line":477,"column":36}},"123":{"start":{"line":484,"column":8},"end":{"line":484,"column":36}},"124":{"start":{"line":485,"column":8},"end":{"line":485,"column":63}},"125":{"start":{"line":498,"column":8},"end":{"line":498,"column":65}},"126":{"start":{"line":499,"column":8},"end":{"line":499,"column":17085}},"127":{"start":{"line":500,"column":12},"end":{"line":500,"column":48}},"128":{"start":{"line":502,"column":12},"end":{"line":502,"column":46}}},"branchMap":{"1":{"line":101,"type":"if","locations":[{"start":{"line":101,"column":8},"end":{"line":101,"column":8}},{"start":{"line":101,"column":8},"end":{"line":101,"column":8}}]},"2":{"line":105,"type":"if","locations":[{"start":{"line":105,"column":8},"end":{"line":105,"column":8}},{"start":{"line":105,"column":8},"end":{"line":105,"column":8}}]},"3":{"line":167,"type":"if","locations":[{"start":{"line":167,"column":8},"end":{"line":167,"column":8}},{"start":{"line":167,"column":8},"end":{"line":167,"column":8}}]},"4":{"line":168,"type":"if","locations":[{"start":{"line":168,"column":8},"end":{"line":168,"column":8}},{"start":{"line":168,"column":8},"end":{"line":168,"column":8}}]},"5":{"line":208,"type":"if","locations":[{"start":{"line":208,"column":8},"end":{"line":208,"column":8}},{"start":{"line":208,"column":8},"end":{"line":208,"column":8}}]},"6":{"line":214,"type":"if","locations":[{"start":{"line":214,"column":8},"end":{"line":214,"column":8}},{"start":{"line":214,"column":8},"end":{"line":214,"column":8}}]},"7":{"line":247,"type":"if","locations":[{"start":{"line":247,"column":8},"end":{"line":247,"column":8}},{"start":{"line":247,"column":8},"end":{"line":247,"column":8}}]},"8":{"line":252,"type":"if","locations":[{"start":{"line":252,"column":8},"end":{"line":252,"column":8}},{"start":{"line":252,"column":8},"end":{"line":252,"column":8}}]},"9":{"line":258,"type":"if","locations":[{"start":{"line":258,"column":8},"end":{"line":258,"column":8}},{"start":{"line":258,"column":8},"end":{"line":258,"column":8}}]},"10":{"line":291,"type":"if","locations":[{"start":{"line":291,"column":8},"end":{"line":291,"column":8}},{"start":{"line":291,"column":8},"end":{"line":291,"column":8}}]},"11":{"line":294,"type":"if","locations":[{"start":{"line":294,"column":8},"end":{"line":294,"column":8}},{"start":{"line":294,"column":8},"end":{"line":294,"column":8}}]},"12":{"line":316,"type":"if","locations":[{"start":{"line":316,"column":8},"end":{"line":316,"column":8}},{"start":{"line":316,"column":8},"end":{"line":316,"column":8}}]},"13":{"line":329,"type":"if","locations":[{"start":{"line":329,"column":8},"end":{"line":329,"column":8}},{"start":{"line":329,"column":8},"end":{"line":329,"column":8}}]},"14":{"line":331,"type":"if","locations":[{"start":{"line":331,"column":8},"end":{"line":331,"column":8}},{"start":{"line":331,"column":8},"end":{"line":331,"column":8}}]},"15":{"line":335,"type":"if","locations":[{"start":{"line":335,"column":8},"end":{"line":335,"column":8}},{"start":{"line":335,"column":8},"end":{"line":335,"column":8}}]},"16":{"line":337,"type":"if","locations":[{"start":{"line":337,"column":12},"end":{"line":337,"column":12}},{"start":{"line":337,"column":12},"end":{"line":337,"column":12}}]},"17":{"line":359,"type":"if","locations":[{"start":{"line":359,"column":8},"end":{"line":359,"column":8}},{"start":{"line":359,"column":8},"end":{"line":359,"column":8}}]},"18":{"line":395,"type":"if","locations":[{"start":{"line":395,"column":8},"end":{"line":395,"column":8}},{"start":{"line":395,"column":8},"end":{"line":395,"column":8}}]},"19":{"line":415,"type":"if","locations":[{"start":{"line":415,"column":12},"end":{"line":415,"column":12}},{"start":{"line":415,"column":12},"end":{"line":415,"column":12}}]},"20":{"line":416,"type":"if","locations":[{"start":{"line":416,"column":16},"end":{"line":416,"column":16}},{"start":{"line":416,"column":16},"end":{"line":416,"column":16}}]},"21":{"line":437,"type":"if","locations":[{"start":{"line":437,"column":19},"end":{"line":437,"column":19}},{"start":{"line":437,"column":19},"end":{"line":437,"column":19}}]},"22":{"line":452,"type":"if","locations":[{"start":{"line":452,"column":12},"end":{"line":452,"column":12}},{"start":{"line":452,"column":12},"end":{"line":452,"column":12}}]},"23":{"line":456,"type":"if","locations":[{"start":{"line":456,"column":16},"end":{"line":456,"column":16}},{"start":{"line":456,"column":16},"end":{"line":456,"column":16}}]},"24":{"line":471,"type":"if","locations":[{"start":{"line":471,"column":8},"end":{"line":471,"column":8}},{"start":{"line":471,"column":8},"end":{"line":471,"column":8}}]},"25":{"line":499,"type":"if","locations":[{"start":{"line":499,"column":8},"end":{"line":499,"column":8}},{"start":{"line":499,"column":8},"end":{"line":499,"column":8}}]}}}}